NOTE! Installing ujson may make loading annotations faster.
INFO:__main__:neural network device: cuda (CUDA available: True, count: 2)
INFO:openpifpaf.predictor:Using multiple GPUs: 2
INFO:openpifpaf.decoder.factory:No specific decoder requested. Using the first one from:
  --decoder=cifcaf:0
  --decoder=posesimilarity:0
Use any of the above arguments to select one or multiple decoders and to suppress this message.
INFO:openpifpaf.predictor:neural network device: cuda (CUDA available: True, count: 2)
INFO:openpifpaf.show.animation_frame:video output = VideoOutput/videooutput.mp4
/tmp/pip-install-95ceyi4t/openpifpaf_739eaa83022b4201a8c4be589471adad/openpifpaf/csrc/src/cif_hr.cpp:102: UserInfo: resizing cifhr buffer
INFO:openpifpaf.decoder.cifcaf:annotations 2: [126, 79]
INFO:openpifpaf.predictor:batch 0: no-file-name
INFO:__main__:frame 1, loop time = 658ms (pre = 41.3ms, post = 37.5ms), FPS = 1.5
/tmp/pip-install-95ceyi4t/openpifpaf_739eaa83022b4201a8c4be589471adad/openpifpaf/csrc/src/occupancy.cpp:53: UserInfo: resizing occupancy buffer
INFO:openpifpaf.decoder.cifcaf:annotations 1: [104]
INFO:openpifpaf.predictor:batch 1: no-file-name
INFO:__main__:frame 2, loop time = 462ms (pre = 20.9ms, post = 276.7ms), FPS = 2.2
INFO:openpifpaf.decoder.cifcaf:annotations 2: [127, 100]
INFO:openpifpaf.predictor:batch 2: no-file-name
INFO:__main__:frame 3, loop time = 264ms (pre = 10.3ms, post = 98.2ms), FPS = 3.8
INFO:openpifpaf.decoder.cifcaf:annotations 2: [131, 107]
INFO:openpifpaf.predictor:batch 3: no-file-name
INFO:__main__:frame 4, loop time = 270ms (pre = 16.8ms, post = 102.4ms), FPS = 3.7
INFO:openpifpaf.decoder.cifcaf:annotations 2: [132, 64]
INFO:openpifpaf.predictor:batch 4: no-file-name
INFO:__main__:frame 5, loop time = 284ms (pre = 26.8ms, post = 117.9ms), FPS = 3.5
INFO:openpifpaf.decoder.cifcaf:annotations 2: [132, 119]
INFO:openpifpaf.predictor:batch 5: no-file-name
INFO:__main__:frame 6, loop time = 269ms (pre = 22.6ms, post = 102.2ms), FPS = 3.7
INFO:openpifpaf.decoder.cifcaf:annotations 2: [131, 75]
INFO:openpifpaf.predictor:batch 6: no-file-name
INFO:__main__:frame 7, loop time = 286ms (pre = 28.0ms, post = 119.8ms), FPS = 3.5
INFO:openpifpaf.decoder.cifcaf:annotations 2: [126, 103]
INFO:openpifpaf.predictor:batch 7: no-file-name
INFO:__main__:frame 8, loop time = 268ms (pre = 19.8ms, post = 101.8ms), FPS = 3.7
INFO:openpifpaf.decoder.cifcaf:annotations 2: [129, 105]
INFO:openpifpaf.predictor:batch 8: no-file-name
INFO:__main__:frame 9, loop time = 267ms (pre = 20.1ms, post = 101.6ms), FPS = 3.7
INFO:openpifpaf.decoder.cifcaf:annotations 2: [126, 126]
INFO:openpifpaf.predictor:batch 9: no-file-name
INFO:__main__:frame 10, loop time = 266ms (pre = 21.2ms, post = 101.2ms), FPS = 3.8
INFO:openpifpaf.decoder.cifcaf:annotations 2: [128, 126]
INFO:openpifpaf.predictor:batch 10: no-file-name
INFO:__main__:frame 11, loop time = 319ms (pre = 21.4ms, post = 101.6ms), FPS = 3.1
INFO:openpifpaf.decoder.cifcaf:annotations 2: [131, 127]
INFO:openpifpaf.predictor:batch 11: no-file-name
INFO:__main__:frame 12, loop time = 284ms (pre = 23.5ms, post = 100.3ms), FPS = 3.5
INFO:openpifpaf.decoder.cifcaf:annotations 2: [127, 127]
INFO:openpifpaf.predictor:batch 12: no-file-name
INFO:__main__:frame 13, loop time = 269ms (pre = 24.1ms, post = 102.3ms), FPS = 3.7
INFO:openpifpaf.decoder.cifcaf:annotations 2: [130, 126]
INFO:openpifpaf.predictor:batch 13: no-file-name
INFO:__main__:frame 14, loop time = 268ms (pre = 21.2ms, post = 101.3ms), FPS = 3.7
INFO:openpifpaf.decoder.cifcaf:annotations 2: [129, 126]
INFO:openpifpaf.predictor:batch 14: no-file-name
INFO:__main__:frame 15, loop time = 270ms (pre = 23.2ms, post = 101.3ms), FPS = 3.7
INFO:openpifpaf.decoder.cifcaf:annotations 2: [130, 128]
INFO:openpifpaf.predictor:batch 15: no-file-name
INFO:__main__:frame 16, loop time = 284ms (pre = 12.7ms, post = 116.6ms), FPS = 3.5
INFO:openpifpaf.decoder.cifcaf:annotations 2: [129, 130]
INFO:openpifpaf.predictor:batch 16: no-file-name
INFO:__main__:frame 17, loop time = 287ms (pre = 19.2ms, post = 118.8ms), FPS = 3.5
INFO:openpifpaf.decoder.cifcaf:annotations 2: [131, 131]
INFO:openpifpaf.predictor:batch 17: no-file-name
INFO:__main__:frame 18, loop time = 291ms (pre = 31.0ms, post = 121.3ms), FPS = 3.4
INFO:openpifpaf.decoder.cifcaf:annotations 2: [130, 132]
INFO:openpifpaf.predictor:batch 18: no-file-name
INFO:__main__:frame 19, loop time = 266ms (pre = 21.3ms, post = 100.4ms), FPS = 3.8
INFO:openpifpaf.decoder.cifcaf:annotations 2: [131, 128]
INFO:openpifpaf.predictor:batch 19: no-file-name
INFO:__main__:frame 20, loop time = 268ms (pre = 20.9ms, post = 100.7ms), FPS = 3.7
INFO:openpifpaf.decoder.cifcaf:annotations 2: [126, 131]
INFO:openpifpaf.predictor:batch 20: no-file-name
INFO:__main__:frame 21, loop time = 291ms (pre = 19.5ms, post = 123.8ms), FPS = 3.4
INFO:openpifpaf.decoder.cifcaf:annotations 2: [125, 128]
INFO:openpifpaf.predictor:batch 21: no-file-name
INFO:__main__:frame 22, loop time = 269ms (pre = 18.3ms, post = 101.7ms), FPS = 3.7
INFO:openpifpaf.decoder.cifcaf:annotations 2: [125, 125]
INFO:openpifpaf.predictor:batch 22: no-file-name
INFO:__main__:frame 23, loop time = 268ms (pre = 23.3ms, post = 102.0ms), FPS = 3.7
INFO:openpifpaf.decoder.cifcaf:annotations 2: [126, 129]
INFO:openpifpaf.predictor:batch 23: no-file-name
INFO:__main__:frame 24, loop time = 267ms (pre = 21.1ms, post = 101.1ms), FPS = 3.7
INFO:openpifpaf.decoder.cifcaf:annotations 2: [126, 114]
INFO:openpifpaf.predictor:batch 24: no-file-name
INFO:__main__:frame 25, loop time = 267ms (pre = 22.0ms, post = 100.8ms), FPS = 3.7
INFO:openpifpaf.decoder.cifcaf:annotations 2: [127, 110]
INFO:openpifpaf.predictor:batch 25: no-file-name
INFO:__main__:frame 26, loop time = 267ms (pre = 19.9ms, post = 100.5ms), FPS = 3.7
INFO:openpifpaf.decoder.cifcaf:annotations 2: [131, 118]
INFO:openpifpaf.predictor:batch 26: no-file-name
INFO:__main__:frame 27, loop time = 266ms (pre = 21.2ms, post = 100.5ms), FPS = 3.8
INFO:openpifpaf.decoder.cifcaf:annotations 2: [110, 109]
INFO:openpifpaf.predictor:batch 27: no-file-name
INFO:__main__:frame 28, loop time = 268ms (pre = 27.5ms, post = 102.5ms), FPS = 3.7
INFO:openpifpaf.decoder.cifcaf:annotations 2: [121, 111]
INFO:openpifpaf.predictor:batch 28: no-file-name
INFO:__main__:frame 29, loop time = 264ms (pre = 22.3ms, post = 99.3ms), FPS = 3.8
INFO:openpifpaf.decoder.cifcaf:annotations 2: [129, 131]
INFO:openpifpaf.predictor:batch 29: no-file-name
INFO:__main__:frame 30, loop time = 268ms (pre = 24.0ms, post = 100.9ms), FPS = 3.7
INFO:openpifpaf.decoder.cifcaf:annotations 2: [132, 131]
INFO:openpifpaf.predictor:batch 30: no-file-name
INFO:__main__:frame 31, loop time = 282ms (pre = 19.8ms, post = 116.2ms), FPS = 3.5
INFO:openpifpaf.decoder.cifcaf:annotations 2: [131, 126]
INFO:openpifpaf.predictor:batch 31: no-file-name
INFO:__main__:frame 32, loop time = 268ms (pre = 20.4ms, post = 101.4ms), FPS = 3.7
INFO:openpifpaf.decoder.cifcaf:annotations 2: [127, 104]
INFO:openpifpaf.predictor:batch 32: no-file-name
INFO:__main__:frame 33, loop time = 268ms (pre = 17.6ms, post = 101.9ms), FPS = 3.7
INFO:openpifpaf.decoder.cifcaf:annotations 2: [130, 104]
INFO:openpifpaf.predictor:batch 33: no-file-name
INFO:__main__:frame 34, loop time = 266ms (pre = 20.5ms, post = 100.6ms), FPS = 3.8
INFO:openpifpaf.decoder.cifcaf:annotations 2: [126, 104]
INFO:openpifpaf.predictor:batch 34: no-file-name
INFO:__main__:frame 35, loop time = 266ms (pre = 21.8ms, post = 100.9ms), FPS = 3.8
INFO:openpifpaf.decoder.cifcaf:annotations 2: [128, 106]
INFO:openpifpaf.predictor:batch 35: no-file-name
INFO:__main__:frame 36, loop time = 265ms (pre = 20.8ms, post = 99.6ms), FPS = 3.8
INFO:openpifpaf.decoder.cifcaf:annotations 2: [127, 104]
INFO:openpifpaf.predictor:batch 36: no-file-name
INFO:__main__:frame 37, loop time = 269ms (pre = 19.6ms, post = 100.8ms), FPS = 3.7
INFO:openpifpaf.decoder.cifcaf:annotations 2: [127, 106]
INFO:openpifpaf.predictor:batch 37: no-file-name
INFO:__main__:frame 38, loop time = 285ms (pre = 26.4ms, post = 119.0ms), FPS = 3.5
INFO:openpifpaf.decoder.cifcaf:annotations 2: [128, 108]
INFO:openpifpaf.predictor:batch 38: no-file-name
INFO:__main__:frame 39, loop time = 266ms (pre = 21.4ms, post = 99.9ms), FPS = 3.8
INFO:openpifpaf.decoder.cifcaf:annotations 2: [127, 132]
INFO:openpifpaf.predictor:batch 39: no-file-name
INFO:__main__:frame 40, loop time = 311ms (pre = 17.2ms, post = 109.8ms), FPS = 3.2
INFO:openpifpaf.decoder.cifcaf:annotations 2: [126, 105]
INFO:openpifpaf.predictor:batch 40: no-file-name
INFO:__main__:frame 41, loop time = 250ms (pre = 20.6ms, post = 98.7ms), FPS = 4.0
INFO:openpifpaf.decoder.cifcaf:annotations 2: [127, 127]
INFO:openpifpaf.predictor:batch 41: no-file-name
INFO:__main__:frame 42, loop time = 253ms (pre = 20.7ms, post = 100.1ms), FPS = 4.0
INFO:openpifpaf.decoder.cifcaf:annotations 2: [129, 123]
INFO:openpifpaf.predictor:batch 42: no-file-name
INFO:__main__:frame 43, loop time = 255ms (pre = 25.9ms, post = 101.3ms), FPS = 3.9
INFO:openpifpaf.decoder.cifcaf:annotations 2: [129, 101]
INFO:openpifpaf.predictor:batch 43: no-file-name
INFO:__main__:frame 44, loop time = 266ms (pre = 20.8ms, post = 99.8ms), FPS = 3.8
INFO:openpifpaf.decoder.cifcaf:annotations 2: [129, 98]
INFO:openpifpaf.predictor:batch 44: no-file-name
INFO:__main__:frame 45, loop time = 266ms (pre = 20.7ms, post = 100.1ms), FPS = 3.8
INFO:openpifpaf.decoder.cifcaf:annotations 2: [128, 85]
INFO:openpifpaf.predictor:batch 45: no-file-name
INFO:__main__:frame 46, loop time = 265ms (pre = 19.5ms, post = 100.0ms), FPS = 3.8
INFO:openpifpaf.decoder.cifcaf:annotations 2: [130, 91]
INFO:openpifpaf.predictor:batch 46: no-file-name
INFO:__main__:frame 47, loop time = 266ms (pre = 19.0ms, post = 99.8ms), FPS = 3.8
INFO:openpifpaf.decoder.cifcaf:annotations 2: [128, 84]
INFO:openpifpaf.predictor:batch 47: no-file-name
INFO:__main__:frame 48, loop time = 267ms (pre = 24.6ms, post = 100.7ms), FPS = 3.7
INFO:openpifpaf.decoder.cifcaf:annotations 2: [129, 95]
INFO:openpifpaf.predictor:batch 48: no-file-name
INFO:__main__:frame 49, loop time = 278ms (pre = 21.7ms, post = 112.3ms), FPS = 3.6
INFO:openpifpaf.decoder.cifcaf:annotations 2: [131, 86]
INFO:openpifpaf.predictor:batch 49: no-file-name
INFO:__main__:frame 50, loop time = 264ms (pre = 14.7ms, post = 99.0ms), FPS = 3.8
INFO:openpifpaf.decoder.cifcaf:annotations 2: [131, 85]
INFO:openpifpaf.predictor:batch 50: no-file-name
INFO:__main__:frame 51, loop time = 263ms (pre = 19.8ms, post = 99.0ms), FPS = 3.8
INFO:openpifpaf.decoder.cifcaf:annotations 2: [128, 87]
INFO:openpifpaf.predictor:batch 51: no-file-name
INFO:__main__:frame 52, loop time = 268ms (pre = 20.2ms, post = 101.0ms), FPS = 3.7
INFO:openpifpaf.decoder.cifcaf:annotations 2: [126, 83]
INFO:openpifpaf.predictor:batch 52: no-file-name
INFO:__main__:frame 53, loop time = 266ms (pre = 24.3ms, post = 100.7ms), FPS = 3.8
INFO:openpifpaf.decoder.cifcaf:annotations 2: [126, 87]
INFO:openpifpaf.predictor:batch 53: no-file-name
INFO:__main__:frame 54, loop time = 278ms (pre = 19.4ms, post = 113.2ms), FPS = 3.6
INFO:openpifpaf.decoder.cifcaf:annotations 2: [126, 87]
INFO:openpifpaf.predictor:batch 54: no-file-name
INFO:__main__:frame 55, loop time = 265ms (pre = 23.4ms, post = 100.6ms), FPS = 3.8
INFO:openpifpaf.decoder.cifcaf:annotations 2: [128, 96]
INFO:openpifpaf.predictor:batch 55: no-file-name
INFO:__main__:frame 56, loop time = 266ms (pre = 20.4ms, post = 100.2ms), FPS = 3.8
INFO:openpifpaf.decoder.cifcaf:annotations 2: [91, 124]
INFO:openpifpaf.predictor:batch 56: no-file-name
INFO:__main__:frame 57, loop time = 266ms (pre = 19.9ms, post = 102.0ms), FPS = 3.8
INFO:openpifpaf.decoder.cifcaf:annotations 2: [89, 74]
INFO:openpifpaf.predictor:batch 57: no-file-name
INFO:__main__:frame 58, loop time = 263ms (pre = 28.5ms, post = 100.1ms), FPS = 3.8
INFO:openpifpaf.decoder.cifcaf:annotations 2: [127, 85]
INFO:openpifpaf.predictor:batch 58: no-file-name
INFO:__main__:frame 59, loop time = 261ms (pre = 20.7ms, post = 99.7ms), FPS = 3.8
INFO:openpifpaf.decoder.cifcaf:annotations 2: [127, 84]
INFO:openpifpaf.predictor:batch 59: no-file-name
INFO:__main__:frame 60, loop time = 262ms (pre = 23.6ms, post = 100.0ms), FPS = 3.8
INFO:openpifpaf.decoder.cifcaf:annotations 1: [127]
INFO:openpifpaf.predictor:batch 60: no-file-name
INFO:__main__:frame 61, loop time = 265ms (pre = 19.3ms, post = 106.9ms), FPS = 3.8
INFO:openpifpaf.decoder.cifcaf:annotations 1: [128]
INFO:openpifpaf.predictor:batch 61: no-file-name
INFO:__main__:frame 62, loop time = 241ms (pre = 19.7ms, post = 84.3ms), FPS = 4.1
INFO:openpifpaf.decoder.cifcaf:annotations 1: [127]
INFO:openpifpaf.predictor:batch 62: no-file-name
INFO:__main__:frame 63, loop time = 262ms (pre = 14.4ms, post = 96.9ms), FPS = 3.8
INFO:openpifpaf.decoder.cifcaf:annotations 1: [127]
INFO:openpifpaf.predictor:batch 63: no-file-name
INFO:__main__:frame 64, loop time = 240ms (pre = 20.6ms, post = 83.4ms), FPS = 4.2
INFO:openpifpaf.decoder.cifcaf:annotations 1: [130]
INFO:openpifpaf.predictor:batch 64: no-file-name
INFO:__main__:frame 65, loop time = 240ms (pre = 10.1ms, post = 83.3ms), FPS = 4.2
INFO:openpifpaf.decoder.cifcaf:annotations 1: [132]
INFO:openpifpaf.predictor:batch 65: no-file-name
INFO:__main__:frame 66, loop time = 245ms (pre = 21.7ms, post = 87.7ms), FPS = 4.1
INFO:openpifpaf.decoder.cifcaf:annotations 1: [129]
INFO:openpifpaf.predictor:batch 66: no-file-name
INFO:__main__:frame 67, loop time = 239ms (pre = 15.9ms, post = 83.6ms), FPS = 4.2
INFO:openpifpaf.decoder.cifcaf:annotations 1: [129]
INFO:openpifpaf.predictor:batch 67: no-file-name
INFO:__main__:frame 68, loop time = 240ms (pre = 22.8ms, post = 83.5ms), FPS = 4.2
INFO:openpifpaf.decoder.cifcaf:annotations 1: [129]
INFO:openpifpaf.predictor:batch 68: no-file-name
INFO:__main__:frame 69, loop time = 242ms (pre = 19.7ms, post = 83.7ms), FPS = 4.1
INFO:openpifpaf.decoder.cifcaf:annotations 1: [131]
INFO:openpifpaf.predictor:batch 69: no-file-name
INFO:__main__:frame 70, loop time = 240ms (pre = 17.6ms, post = 83.4ms), FPS = 4.2
INFO:openpifpaf.decoder.cifcaf:annotations 1: [129]
INFO:openpifpaf.predictor:batch 70: no-file-name
INFO:__main__:frame 71, loop time = 239ms (pre = 19.9ms, post = 82.3ms), FPS = 4.2
INFO:openpifpaf.decoder.cifcaf:annotations 1: [127]
INFO:openpifpaf.predictor:batch 71: no-file-name
INFO:__main__:frame 72, loop time = 241ms (pre = 21.3ms, post = 83.3ms), FPS = 4.1
INFO:openpifpaf.decoder.cifcaf:annotations 2: [102, 71]
INFO:openpifpaf.predictor:batch 72: no-file-name
INFO:__main__:frame 73, loop time = 302ms (pre = 20.7ms, post = 138.8ms), FPS = 3.3
INFO:openpifpaf.decoder.cifcaf:annotations 2: [102, 72]
INFO:openpifpaf.predictor:batch 73: no-file-name
INFO:__main__:frame 74, loop time = 261ms (pre = 19.4ms, post = 98.0ms), FPS = 3.8
INFO:openpifpaf.decoder.cifcaf:annotations 2: [102, 72]
INFO:openpifpaf.predictor:batch 74: no-file-name
INFO:__main__:frame 75, loop time = 262ms (pre = 11.4ms, post = 97.9ms), FPS = 3.8
INFO:openpifpaf.decoder.cifcaf:annotations 2: [103, 73]
INFO:openpifpaf.predictor:batch 75: no-file-name
INFO:__main__:frame 76, loop time = 261ms (pre = 19.9ms, post = 96.9ms), FPS = 3.8
INFO:openpifpaf.decoder.cifcaf:annotations 2: [124, 96]
INFO:openpifpaf.predictor:batch 76: no-file-name
INFO:__main__:frame 77, loop time = 279ms (pre = 19.3ms, post = 113.4ms), FPS = 3.6
INFO:openpifpaf.decoder.cifcaf:annotations 2: [126, 96]
INFO:openpifpaf.predictor:batch 77: no-file-name
INFO:__main__:frame 78, loop time = 266ms (pre = 21.0ms, post = 100.6ms), FPS = 3.8
INFO:openpifpaf.decoder.cifcaf:annotations 2: [128, 91]
INFO:openpifpaf.predictor:batch 78: no-file-name
INFO:__main__:frame 79, loop time = 265ms (pre = 17.2ms, post = 99.0ms), FPS = 3.8
INFO:openpifpaf.decoder.cifcaf:annotations 2: [129, 100]
INFO:openpifpaf.predictor:batch 79: no-file-name
INFO:__main__:frame 80, loop time = 266ms (pre = 22.6ms, post = 98.4ms), FPS = 3.8
INFO:openpifpaf.decoder.cifcaf:annotations 2: [126, 100]
INFO:openpifpaf.predictor:batch 80: no-file-name
INFO:__main__:frame 81, loop time = 263ms (pre = 21.4ms, post = 98.2ms), FPS = 3.8
INFO:openpifpaf.decoder.cifcaf:annotations 2: [127, 99]
INFO:openpifpaf.predictor:batch 81: no-file-name
INFO:__main__:frame 82, loop time = 283ms (pre = 20.9ms, post = 119.0ms), FPS = 3.5
INFO:openpifpaf.decoder.cifcaf:annotations 2: [126, 90]
INFO:openpifpaf.predictor:batch 82: no-file-name
INFO:__main__:frame 83, loop time = 263ms (pre = 20.0ms, post = 99.0ms), FPS = 3.8
INFO:openpifpaf.decoder.cifcaf:annotations 2: [126, 95]
INFO:openpifpaf.predictor:batch 83: no-file-name
INFO:__main__:frame 84, loop time = 267ms (pre = 17.5ms, post = 99.4ms), FPS = 3.7
INFO:openpifpaf.decoder.cifcaf:annotations 2: [126, 99]
INFO:openpifpaf.predictor:batch 84: no-file-name
INFO:__main__:frame 85, loop time = 271ms (pre = 19.7ms, post = 104.5ms), FPS = 3.7
INFO:openpifpaf.decoder.cifcaf:annotations 2: [127, 100]
INFO:openpifpaf.predictor:batch 85: no-file-name
INFO:__main__:frame 86, loop time = 264ms (pre = 14.5ms, post = 99.1ms), FPS = 3.8
INFO:openpifpaf.decoder.cifcaf:annotations 2: [129, 101]
INFO:openpifpaf.predictor:batch 86: no-file-name
INFO:__main__:frame 87, loop time = 265ms (pre = 16.1ms, post = 100.1ms), FPS = 3.8
INFO:openpifpaf.decoder.cifcaf:annotations 2: [130, 99]
INFO:openpifpaf.predictor:batch 87: no-file-name
INFO:__main__:frame 88, loop time = 265ms (pre = 21.6ms, post = 99.1ms), FPS = 3.8
INFO:openpifpaf.decoder.cifcaf:annotations 2: [131, 100]
INFO:openpifpaf.predictor:batch 88: no-file-name
INFO:__main__:frame 89, loop time = 280ms (pre = 20.7ms, post = 114.4ms), FPS = 3.6
INFO:openpifpaf.decoder.cifcaf:annotations 2: [130, 98]
INFO:openpifpaf.predictor:batch 89: no-file-name
INFO:__main__:frame 90, loop time = 266ms (pre = 20.0ms, post = 98.3ms), FPS = 3.8
INFO:openpifpaf.decoder.cifcaf:annotations 2: [130, 93]
INFO:openpifpaf.predictor:batch 90: no-file-name
INFO:__main__:frame 91, loop time = 262ms (pre = 22.9ms, post = 98.7ms), FPS = 3.8
INFO:openpifpaf.decoder.cifcaf:annotations 2: [126, 95]
INFO:openpifpaf.predictor:batch 91: no-file-name
INFO:__main__:frame 92, loop time = 265ms (pre = 20.1ms, post = 100.9ms), FPS = 3.8
INFO:openpifpaf.decoder.cifcaf:annotations 2: [126, 99]
INFO:openpifpaf.predictor:batch 92: no-file-name
INFO:__main__:frame 93, loop time = 266ms (pre = 20.0ms, post = 100.2ms), FPS = 3.8
INFO:openpifpaf.decoder.cifcaf:annotations 2: [125, 98]
INFO:openpifpaf.predictor:batch 93: no-file-name
INFO:__main__:frame 94, loop time = 266ms (pre = 20.2ms, post = 99.9ms), FPS = 3.8
INFO:openpifpaf.decoder.cifcaf:annotations 2: [126, 96]
INFO:openpifpaf.predictor:batch 94: no-file-name
INFO:__main__:frame 95, loop time = 266ms (pre = 22.2ms, post = 99.4ms), FPS = 3.8
INFO:openpifpaf.decoder.cifcaf:annotations 2: [126, 103]
INFO:openpifpaf.predictor:batch 95: no-file-name
INFO:__main__:frame 96, loop time = 264ms (pre = 20.4ms, post = 99.2ms), FPS = 3.8
INFO:openpifpaf.decoder.cifcaf:annotations 2: [127, 90]
INFO:openpifpaf.predictor:batch 96: no-file-name
INFO:__main__:frame 97, loop time = 264ms (pre = 18.2ms, post = 99.0ms), FPS = 3.8
INFO:openpifpaf.decoder.cifcaf:annotations 2: [126, 96]
INFO:openpifpaf.predictor:batch 97: no-file-name
INFO:__main__:frame 98, loop time = 267ms (pre = 19.1ms, post = 99.4ms), FPS = 3.7
INFO:openpifpaf.decoder.cifcaf:annotations 2: [121, 97]
INFO:openpifpaf.predictor:batch 98: no-file-name
INFO:__main__:frame 99, loop time = 284ms (pre = 21.3ms, post = 117.0ms), FPS = 3.5
INFO:openpifpaf.decoder.cifcaf:annotations 2: [126, 105]
INFO:openpifpaf.predictor:batch 99: no-file-name
INFO:__main__:frame 100, loop time = 266ms (pre = 19.4ms, post = 100.9ms), FPS = 3.8
INFO:openpifpaf.decoder.cifcaf:annotations 2: [110, 105]
INFO:openpifpaf.predictor:batch 100: no-file-name
INFO:__main__:frame 101, loop time = 264ms (pre = 12.1ms, post = 98.7ms), FPS = 3.8
INFO:openpifpaf.decoder.cifcaf:annotations 2: [126, 106]
INFO:openpifpaf.predictor:batch 101: no-file-name
INFO:__main__:frame 102, loop time = 266ms (pre = 20.0ms, post = 99.7ms), FPS = 3.8
INFO:openpifpaf.decoder.cifcaf:annotations 2: [128, 106]
INFO:openpifpaf.predictor:batch 102: no-file-name
INFO:__main__:frame 103, loop time = 268ms (pre = 22.9ms, post = 100.0ms), FPS = 3.7
INFO:openpifpaf.decoder.cifcaf:annotations 2: [128, 106]
INFO:openpifpaf.predictor:batch 103: no-file-name
INFO:__main__:frame 104, loop time = 268ms (pre = 20.1ms, post = 100.3ms), FPS = 3.7
INFO:openpifpaf.decoder.cifcaf:annotations 2: [129, 110]
INFO:openpifpaf.predictor:batch 104: no-file-name
INFO:__main__:frame 105, loop time = 268ms (pre = 20.2ms, post = 100.5ms), FPS = 3.7
INFO:openpifpaf.decoder.cifcaf:annotations 2: [127, 111]
INFO:openpifpaf.predictor:batch 105: no-file-name
INFO:__main__:frame 106, loop time = 311ms (pre = 19.1ms, post = 143.9ms), FPS = 3.2
INFO:openpifpaf.decoder.cifcaf:annotations 2: [131, 102]
INFO:openpifpaf.predictor:batch 106: no-file-name
INFO:__main__:frame 107, loop time = 263ms (pre = 20.2ms, post = 98.2ms), FPS = 3.8
INFO:openpifpaf.decoder.cifcaf:annotations 2: [132, 103]
INFO:openpifpaf.predictor:batch 107: no-file-name
INFO:__main__:frame 108, loop time = 266ms (pre = 21.9ms, post = 100.2ms), FPS = 3.8
INFO:openpifpaf.decoder.cifcaf:annotations 2: [131, 100]
INFO:openpifpaf.predictor:batch 108: no-file-name
INFO:__main__:frame 109, loop time = 265ms (pre = 21.6ms, post = 99.9ms), FPS = 3.8
INFO:openpifpaf.decoder.cifcaf:annotations 2: [127, 100]
INFO:openpifpaf.predictor:batch 109: no-file-name
INFO:__main__:frame 110, loop time = 266ms (pre = 24.6ms, post = 98.9ms), FPS = 3.8
INFO:openpifpaf.decoder.cifcaf:annotations 2: [126, 104]
INFO:openpifpaf.predictor:batch 110: no-file-name
INFO:__main__:frame 111, loop time = 265ms (pre = 18.9ms, post = 98.9ms), FPS = 3.8
INFO:openpifpaf.decoder.cifcaf:annotations 2: [127, 103]
INFO:openpifpaf.predictor:batch 111: no-file-name
INFO:__main__:frame 112, loop time = 266ms (pre = 21.5ms, post = 99.0ms), FPS = 3.8
INFO:openpifpaf.decoder.cifcaf:annotations 2: [127, 105]
INFO:openpifpaf.predictor:batch 112: no-file-name
INFO:__main__:frame 113, loop time = 268ms (pre = 21.4ms, post = 100.7ms), FPS = 3.7
INFO:openpifpaf.decoder.cifcaf:annotations 2: [127, 106]
INFO:openpifpaf.predictor:batch 113: no-file-name
INFO:__main__:frame 114, loop time = 266ms (pre = 20.8ms, post = 99.4ms), FPS = 3.8
INFO:openpifpaf.decoder.cifcaf:annotations 2: [126, 105]
INFO:openpifpaf.predictor:batch 114: no-file-name
INFO:__main__:frame 115, loop time = 267ms (pre = 24.4ms, post = 99.4ms), FPS = 3.7
INFO:openpifpaf.decoder.cifcaf:annotations 2: [127, 99]
INFO:openpifpaf.predictor:batch 115: no-file-name
INFO:__main__:frame 116, loop time = 267ms (pre = 19.3ms, post = 100.0ms), FPS = 3.7
INFO:openpifpaf.decoder.cifcaf:annotations 2: [128, 98]
INFO:openpifpaf.predictor:batch 116: no-file-name
INFO:__main__:frame 117, loop time = 263ms (pre = 18.6ms, post = 98.7ms), FPS = 3.8
INFO:openpifpaf.decoder.cifcaf:annotations 2: [126, 105]
INFO:openpifpaf.predictor:batch 117: no-file-name
INFO:__main__:frame 118, loop time = 268ms (pre = 18.3ms, post = 99.6ms), FPS = 3.7
INFO:openpifpaf.decoder.cifcaf:annotations 2: [126, 85]
INFO:openpifpaf.predictor:batch 118: no-file-name
INFO:__main__:frame 119, loop time = 287ms (pre = 21.0ms, post = 117.9ms), FPS = 3.5
INFO:openpifpaf.decoder.cifcaf:annotations 2: [126, 83]
INFO:openpifpaf.predictor:batch 119: no-file-name
INFO:__main__:frame 120, loop time = 265ms (pre = 19.7ms, post = 99.4ms), FPS = 3.8
INFO:openpifpaf.decoder.cifcaf:annotations 2: [128, 83]
INFO:openpifpaf.predictor:batch 120: no-file-name
INFO:__main__:frame 121, loop time = 265ms (pre = 21.7ms, post = 99.2ms), FPS = 3.8
INFO:openpifpaf.decoder.cifcaf:annotations 2: [127, 85]
INFO:openpifpaf.predictor:batch 121: no-file-name
INFO:__main__:frame 122, loop time = 262ms (pre = 17.7ms, post = 98.0ms), FPS = 3.8
INFO:openpifpaf.decoder.cifcaf:annotations 2: [131, 83]
INFO:openpifpaf.predictor:batch 122: no-file-name
INFO:__main__:frame 123, loop time = 266ms (pre = 23.4ms, post = 99.4ms), FPS = 3.8
INFO:openpifpaf.decoder.cifcaf:annotations 2: [126, 81]
INFO:openpifpaf.predictor:batch 123: no-file-name
INFO:__main__:frame 124, loop time = 266ms (pre = 26.7ms, post = 99.7ms), FPS = 3.8
INFO:openpifpaf.decoder.cifcaf:annotations 2: [125, 104]
INFO:openpifpaf.predictor:batch 124: no-file-name
INFO:__main__:frame 125, loop time = 267ms (pre = 22.1ms, post = 100.2ms), FPS = 3.7
INFO:openpifpaf.decoder.cifcaf:annotations 2: [126, 99]
INFO:openpifpaf.predictor:batch 125: no-file-name
INFO:__main__:frame 126, loop time = 269ms (pre = 19.8ms, post = 98.8ms), FPS = 3.7
INFO:openpifpaf.decoder.cifcaf:annotations 2: [129, 104]
INFO:openpifpaf.predictor:batch 126: no-file-name
INFO:__main__:frame 127, loop time = 266ms (pre = 20.8ms, post = 99.1ms), FPS = 3.8
INFO:openpifpaf.decoder.cifcaf:annotations 2: [126, 103]
INFO:openpifpaf.predictor:batch 127: no-file-name
INFO:__main__:frame 128, loop time = 268ms (pre = 23.9ms, post = 99.8ms), FPS = 3.7
INFO:openpifpaf.decoder.cifcaf:annotations 2: [127, 106]
INFO:openpifpaf.predictor:batch 128: no-file-name
INFO:__main__:frame 129, loop time = 269ms (pre = 24.3ms, post = 101.0ms), FPS = 3.7
INFO:openpifpaf.decoder.cifcaf:annotations 2: [125, 108]
INFO:openpifpaf.predictor:batch 129: no-file-name
INFO:__main__:frame 130, loop time = 266ms (pre = 21.1ms, post = 98.9ms), FPS = 3.8
INFO:openpifpaf.decoder.cifcaf:annotations 2: [126, 89]
INFO:openpifpaf.predictor:batch 130: no-file-name
INFO:__main__:frame 131, loop time = 267ms (pre = 19.6ms, post = 100.6ms), FPS = 3.7
INFO:openpifpaf.decoder.cifcaf:annotations 2: [125, 95]
INFO:openpifpaf.predictor:batch 131: no-file-name
INFO:__main__:frame 132, loop time = 264ms (pre = 21.1ms, post = 98.5ms), FPS = 3.8
INFO:openpifpaf.decoder.cifcaf:annotations 2: [108, 84]
INFO:openpifpaf.predictor:batch 132: no-file-name
INFO:__main__:frame 133, loop time = 266ms (pre = 19.7ms, post = 99.2ms), FPS = 3.8
INFO:openpifpaf.decoder.cifcaf:annotations 2: [124, 108]
INFO:openpifpaf.predictor:batch 133: no-file-name
INFO:__main__:frame 134, loop time = 266ms (pre = 28.7ms, post = 99.8ms), FPS = 3.8
INFO:openpifpaf.decoder.cifcaf:annotations 2: [126, 83]
INFO:openpifpaf.predictor:batch 134: no-file-name
INFO:__main__:frame 135, loop time = 263ms (pre = 25.3ms, post = 98.3ms), FPS = 3.8
INFO:openpifpaf.decoder.cifcaf:annotations 2: [120, 109]
INFO:openpifpaf.predictor:batch 135: no-file-name
INFO:__main__:frame 136, loop time = 303ms (pre = 20.4ms, post = 100.5ms), FPS = 3.3
INFO:openpifpaf.decoder.cifcaf:annotations 2: [107, 109]
INFO:openpifpaf.predictor:batch 136: no-file-name
INFO:__main__:frame 137, loop time = 249ms (pre = 19.8ms, post = 98.6ms), FPS = 4.0
INFO:openpifpaf.decoder.cifcaf:annotations 2: [103, 88]
INFO:openpifpaf.predictor:batch 137: no-file-name
INFO:__main__:frame 138, loop time = 250ms (pre = 21.4ms, post = 98.4ms), FPS = 4.0
INFO:openpifpaf.decoder.cifcaf:annotations 2: [102, 85]
INFO:openpifpaf.predictor:batch 138: no-file-name
INFO:__main__:frame 139, loop time = 252ms (pre = 23.0ms, post = 99.9ms), FPS = 4.0
INFO:openpifpaf.decoder.cifcaf:annotations 2: [95, 86]
INFO:openpifpaf.predictor:batch 139: no-file-name
INFO:__main__:frame 140, loop time = 266ms (pre = 21.2ms, post = 113.8ms), FPS = 3.8
INFO:openpifpaf.decoder.cifcaf:annotations 2: [87, 84]
INFO:openpifpaf.predictor:batch 140: no-file-name
INFO:__main__:frame 141, loop time = 266ms (pre = 23.0ms, post = 103.3ms), FPS = 3.8
INFO:openpifpaf.decoder.cifcaf:annotations 2: [87, 86]
INFO:openpifpaf.predictor:batch 141: no-file-name
INFO:__main__:frame 142, loop time = 263ms (pre = 19.1ms, post = 97.6ms), FPS = 3.8
INFO:openpifpaf.decoder.cifcaf:annotations 2: [102, 105]
INFO:openpifpaf.predictor:batch 142: no-file-name
INFO:__main__:frame 143, loop time = 265ms (pre = 21.7ms, post = 99.7ms), FPS = 3.8
INFO:openpifpaf.decoder.cifcaf:annotations 2: [109, 110]
INFO:openpifpaf.predictor:batch 143: no-file-name
INFO:__main__:frame 144, loop time = 267ms (pre = 26.2ms, post = 99.2ms), FPS = 3.7
INFO:openpifpaf.decoder.cifcaf:annotations 2: [106, 86]
INFO:openpifpaf.predictor:batch 144: no-file-name
INFO:__main__:frame 145, loop time = 270ms (pre = 22.4ms, post = 102.3ms), FPS = 3.7
INFO:openpifpaf.decoder.cifcaf:annotations 2: [107, 89]
INFO:openpifpaf.predictor:batch 145: no-file-name
INFO:__main__:frame 146, loop time = 263ms (pre = 19.9ms, post = 97.8ms), FPS = 3.8
INFO:openpifpaf.decoder.cifcaf:annotations 2: [106, 88]
INFO:openpifpaf.predictor:batch 146: no-file-name
INFO:__main__:frame 147, loop time = 262ms (pre = 21.1ms, post = 98.1ms), FPS = 3.8
INFO:openpifpaf.decoder.cifcaf:annotations 2: [108, 109]
INFO:openpifpaf.predictor:batch 147: no-file-name
INFO:__main__:frame 148, loop time = 265ms (pre = 20.8ms, post = 98.9ms), FPS = 3.8
INFO:openpifpaf.decoder.cifcaf:annotations 2: [127, 109]
INFO:openpifpaf.predictor:batch 148: no-file-name
INFO:__main__:frame 149, loop time = 266ms (pre = 24.2ms, post = 100.7ms), FPS = 3.8
INFO:openpifpaf.decoder.cifcaf:annotations 2: [129, 127]
INFO:openpifpaf.predictor:batch 149: no-file-name
INFO:__main__:frame 150, loop time = 265ms (pre = 21.3ms, post = 99.7ms), FPS = 3.8
INFO:openpifpaf.decoder.cifcaf:annotations 2: [129, 128]
INFO:openpifpaf.predictor:batch 150: no-file-name
INFO:__main__:frame 151, loop time = 266ms (pre = 20.4ms, post = 99.3ms), FPS = 3.8
INFO:openpifpaf.decoder.cifcaf:annotations 2: [126, 110]
INFO:openpifpaf.predictor:batch 151: no-file-name
INFO:__main__:frame 152, loop time = 267ms (pre = 19.6ms, post = 100.6ms), FPS = 3.7
INFO:openpifpaf.decoder.cifcaf:annotations 2: [130, 128]
INFO:openpifpaf.predictor:batch 152: no-file-name
INFO:__main__:frame 153, loop time = 267ms (pre = 22.8ms, post = 100.3ms), FPS = 3.8
INFO:openpifpaf.decoder.cifcaf:annotations 2: [132, 125]
INFO:openpifpaf.predictor:batch 153: no-file-name
INFO:__main__:frame 154, loop time = 268ms (pre = 25.8ms, post = 101.9ms), FPS = 3.7
INFO:openpifpaf.decoder.cifcaf:annotations 2: [132, 124]
INFO:openpifpaf.predictor:batch 154: no-file-name
INFO:__main__:frame 155, loop time = 265ms (pre = 23.0ms, post = 99.4ms), FPS = 3.8
INFO:openpifpaf.decoder.cifcaf:annotations 2: [128, 121]
INFO:openpifpaf.predictor:batch 155: no-file-name
INFO:__main__:frame 156, loop time = 266ms (pre = 16.4ms, post = 100.3ms), FPS = 3.8
INFO:openpifpaf.decoder.cifcaf:annotations 2: [128, 124]
INFO:openpifpaf.predictor:batch 156: no-file-name
INFO:__main__:frame 157, loop time = 265ms (pre = 22.7ms, post = 99.8ms), FPS = 3.8
INFO:openpifpaf.decoder.cifcaf:annotations 2: [129, 121]
INFO:openpifpaf.predictor:batch 157: no-file-name
INFO:__main__:frame 158, loop time = 266ms (pre = 20.6ms, post = 100.2ms), FPS = 3.8
INFO:openpifpaf.decoder.cifcaf:annotations 2: [128, 108]
INFO:openpifpaf.predictor:batch 158: no-file-name
INFO:__main__:frame 159, loop time = 264ms (pre = 25.0ms, post = 101.0ms), FPS = 3.8
INFO:openpifpaf.decoder.cifcaf:annotations 2: [127, 118]
INFO:openpifpaf.predictor:batch 159: no-file-name
INFO:__main__:frame 160, loop time = 266ms (pre = 22.8ms, post = 101.0ms), FPS = 3.8
INFO:openpifpaf.decoder.cifcaf:annotations 2: [129, 110]
INFO:openpifpaf.predictor:batch 160: no-file-name
INFO:__main__:frame 161, loop time = 264ms (pre = 21.8ms, post = 98.9ms), FPS = 3.8
INFO:openpifpaf.decoder.cifcaf:annotations 2: [128, 110]
INFO:openpifpaf.predictor:batch 161: no-file-name
INFO:__main__:frame 162, loop time = 267ms (pre = 11.0ms, post = 100.2ms), FPS = 3.7
INFO:openpifpaf.decoder.cifcaf:annotations 2: [128, 108]
INFO:openpifpaf.predictor:batch 162: no-file-name
INFO:__main__:frame 163, loop time = 266ms (pre = 15.1ms, post = 99.6ms), FPS = 3.8
INFO:openpifpaf.decoder.cifcaf:annotations 2: [128, 111]
INFO:openpifpaf.predictor:batch 163: no-file-name
INFO:__main__:frame 164, loop time = 266ms (pre = 18.9ms, post = 100.3ms), FPS = 3.8
INFO:openpifpaf.decoder.cifcaf:annotations 2: [128, 112]
INFO:openpifpaf.predictor:batch 164: no-file-name
INFO:__main__:frame 165, loop time = 264ms (pre = 21.1ms, post = 99.9ms), FPS = 3.8
INFO:openpifpaf.decoder.cifcaf:annotations 2: [127, 128]
INFO:openpifpaf.predictor:batch 165: no-file-name
INFO:__main__:frame 166, loop time = 275ms (pre = 23.2ms, post = 100.8ms), FPS = 3.6
INFO:openpifpaf.decoder.cifcaf:annotations 2: [129, 127]
INFO:openpifpaf.predictor:batch 166: no-file-name
INFO:__main__:frame 167, loop time = 307ms (pre = 19.5ms, post = 143.8ms), FPS = 3.3
INFO:openpifpaf.decoder.cifcaf:annotations 2: [131, 129]
INFO:openpifpaf.predictor:batch 167: no-file-name
INFO:__main__:frame 168, loop time = 268ms (pre = 20.2ms, post = 99.6ms), FPS = 3.7
INFO:openpifpaf.decoder.cifcaf:annotations 2: [130, 129]
INFO:openpifpaf.predictor:batch 168: no-file-name
INFO:__main__:frame 169, loop time = 266ms (pre = 24.3ms, post = 101.2ms), FPS = 3.8
INFO:openpifpaf.decoder.cifcaf:annotations 2: [129, 128]
INFO:openpifpaf.predictor:batch 169: no-file-name
INFO:__main__:frame 170, loop time = 266ms (pre = 18.6ms, post = 100.5ms), FPS = 3.8
INFO:openpifpaf.decoder.cifcaf:annotations 2: [126, 126]
INFO:openpifpaf.predictor:batch 170: no-file-name
INFO:__main__:frame 171, loop time = 302ms (pre = 21.3ms, post = 126.2ms), FPS = 3.3
INFO:openpifpaf.decoder.cifcaf:annotations 2: [126, 127]
INFO:openpifpaf.predictor:batch 171: no-file-name
INFO:__main__:frame 172, loop time = 264ms (pre = 22.7ms, post = 98.4ms), FPS = 3.8
INFO:openpifpaf.decoder.cifcaf:annotations 2: [129, 129]
INFO:openpifpaf.predictor:batch 172: no-file-name
INFO:__main__:frame 173, loop time = 268ms (pre = 11.1ms, post = 102.2ms), FPS = 3.7
INFO:openpifpaf.decoder.cifcaf:annotations 2: [128, 126]
INFO:openpifpaf.predictor:batch 173: no-file-name
INFO:__main__:frame 174, loop time = 274ms (pre = 24.9ms, post = 101.4ms), FPS = 3.6
INFO:openpifpaf.decoder.cifcaf:annotations 2: [127, 127]
INFO:openpifpaf.predictor:batch 174: no-file-name
INFO:__main__:frame 175, loop time = 268ms (pre = 21.5ms, post = 99.5ms), FPS = 3.7
INFO:openpifpaf.decoder.cifcaf:annotations 2: [129, 128]
INFO:openpifpaf.predictor:batch 175: no-file-name
INFO:__main__:frame 176, loop time = 267ms (pre = 21.3ms, post = 99.1ms), FPS = 3.7
INFO:openpifpaf.decoder.cifcaf:annotations 2: [128, 128]
INFO:openpifpaf.predictor:batch 176: no-file-name
INFO:__main__:frame 177, loop time = 267ms (pre = 20.3ms, post = 99.9ms), FPS = 3.7
INFO:openpifpaf.decoder.cifcaf:annotations 2: [129, 127]
INFO:openpifpaf.predictor:batch 177: no-file-name
INFO:__main__:frame 178, loop time = 268ms (pre = 21.7ms, post = 100.2ms), FPS = 3.7
INFO:openpifpaf.decoder.cifcaf:annotations 2: [128, 129]
INFO:openpifpaf.predictor:batch 178: no-file-name
INFO:__main__:frame 179, loop time = 269ms (pre = 26.0ms, post = 101.6ms), FPS = 3.7
INFO:openpifpaf.decoder.cifcaf:annotations 2: [128, 130]
INFO:openpifpaf.predictor:batch 179: no-file-name
INFO:__main__:frame 180, loop time = 268ms (pre = 21.4ms, post = 100.0ms), FPS = 3.7
INFO:openpifpaf.decoder.cifcaf:annotations 2: [129, 128]
INFO:openpifpaf.predictor:batch 180: no-file-name
INFO:__main__:frame 181, loop time = 268ms (pre = 19.7ms, post = 100.0ms), FPS = 3.7
INFO:openpifpaf.decoder.cifcaf:annotations 2: [129, 122]
INFO:openpifpaf.predictor:batch 181: no-file-name
INFO:__main__:frame 182, loop time = 267ms (pre = 20.6ms, post = 99.4ms), FPS = 3.8
INFO:openpifpaf.decoder.cifcaf:annotations 2: [128, 130]
INFO:openpifpaf.predictor:batch 182: no-file-name
INFO:__main__:frame 183, loop time = 286ms (pre = 16.7ms, post = 117.3ms), FPS = 3.5
INFO:openpifpaf.decoder.cifcaf:annotations 2: [130, 130]
INFO:openpifpaf.predictor:batch 183: no-file-name
INFO:__main__:frame 184, loop time = 269ms (pre = 24.8ms, post = 101.8ms), FPS = 3.7
INFO:openpifpaf.decoder.cifcaf:annotations 2: [132, 126]
INFO:openpifpaf.predictor:batch 184: no-file-name
INFO:__main__:frame 185, loop time = 284ms (pre = 11.6ms, post = 117.5ms), FPS = 3.5
INFO:openpifpaf.decoder.cifcaf:annotations 2: [129, 125]
INFO:openpifpaf.predictor:batch 185: no-file-name
INFO:__main__:frame 186, loop time = 273ms (pre = 21.4ms, post = 104.7ms), FPS = 3.7
INFO:openpifpaf.decoder.cifcaf:annotations 2: [126, 126]
INFO:openpifpaf.predictor:batch 186: no-file-name
INFO:__main__:frame 187, loop time = 266ms (pre = 22.8ms, post = 99.6ms), FPS = 3.8
INFO:openpifpaf.decoder.cifcaf:annotations 2: [124, 123]
INFO:openpifpaf.predictor:batch 187: no-file-name
INFO:__main__:frame 188, loop time = 269ms (pre = 27.5ms, post = 102.1ms), FPS = 3.7
INFO:openpifpaf.decoder.cifcaf:annotations 2: [126, 132]
INFO:openpifpaf.predictor:batch 188: no-file-name
INFO:__main__:frame 189, loop time = 276ms (pre = 20.2ms, post = 105.0ms), FPS = 3.6
INFO:openpifpaf.decoder.cifcaf:annotations 2: [127, 128]
INFO:openpifpaf.predictor:batch 189: no-file-name
INFO:__main__:frame 190, loop time = 272ms (pre = 20.9ms, post = 106.5ms), FPS = 3.7
INFO:openpifpaf.decoder.cifcaf:annotations 2: [128, 126]
INFO:openpifpaf.predictor:batch 190: no-file-name
INFO:__main__:frame 191, loop time = 268ms (pre = 18.9ms, post = 99.6ms), FPS = 3.7
INFO:openpifpaf.decoder.cifcaf:annotations 2: [129, 128]
INFO:openpifpaf.predictor:batch 191: no-file-name
INFO:__main__:frame 192, loop time = 267ms (pre = 20.5ms, post = 100.8ms), FPS = 3.7
INFO:openpifpaf.decoder.cifcaf:annotations 2: [129, 116]
INFO:openpifpaf.predictor:batch 192: no-file-name
INFO:__main__:frame 193, loop time = 270ms (pre = 20.1ms, post = 101.5ms), FPS = 3.7
INFO:openpifpaf.decoder.cifcaf:annotations 2: [129, 109]
INFO:openpifpaf.predictor:batch 193: no-file-name
INFO:__main__:frame 194, loop time = 271ms (pre = 19.9ms, post = 103.4ms), FPS = 3.7
INFO:openpifpaf.decoder.cifcaf:annotations 2: [129, 126]
INFO:openpifpaf.predictor:batch 194: no-file-name
INFO:__main__:frame 195, loop time = 266ms (pre = 22.1ms, post = 99.7ms), FPS = 3.8
INFO:openpifpaf.decoder.cifcaf:annotations 2: [129, 107]
INFO:openpifpaf.predictor:batch 195: no-file-name
INFO:__main__:frame 196, loop time = 316ms (pre = 13.4ms, post = 144.9ms), FPS = 3.2
INFO:openpifpaf.decoder.cifcaf:annotations 2: [131, 108]
INFO:openpifpaf.predictor:batch 196: no-file-name
INFO:__main__:frame 197, loop time = 291ms (pre = 22.8ms, post = 122.2ms), FPS = 3.4
INFO:openpifpaf.decoder.cifcaf:annotations 2: [127, 108]
INFO:openpifpaf.predictor:batch 197: no-file-name
INFO:__main__:frame 198, loop time = 269ms (pre = 20.4ms, post = 101.3ms), FPS = 3.7
INFO:openpifpaf.decoder.cifcaf:annotations 2: [127, 108]
INFO:openpifpaf.predictor:batch 198: no-file-name
INFO:__main__:frame 199, loop time = 267ms (pre = 18.9ms, post = 99.3ms), FPS = 3.7
INFO:openpifpaf.decoder.cifcaf:annotations 2: [124, 49]
INFO:openpifpaf.predictor:batch 199: no-file-name
INFO:__main__:frame 200, loop time = 266ms (pre = 21.1ms, post = 98.0ms), FPS = 3.8
INFO:openpifpaf.decoder.cifcaf:annotations 2: [125, 39]
INFO:openpifpaf.predictor:batch 200: no-file-name
INFO:__main__:frame 201, loop time = 278ms (pre = 24.7ms, post = 113.7ms), FPS = 3.6
INFO:openpifpaf.decoder.cifcaf:annotations 2: [131, 56]
INFO:openpifpaf.predictor:batch 201: no-file-name
INFO:__main__:frame 202, loop time = 263ms (pre = 21.4ms, post = 98.1ms), FPS = 3.8
INFO:openpifpaf.decoder.cifcaf:annotations 2: [132, 76]
INFO:openpifpaf.predictor:batch 202: no-file-name
INFO:__main__:frame 203, loop time = 269ms (pre = 18.6ms, post = 100.0ms), FPS = 3.7
INFO:openpifpaf.decoder.cifcaf:annotations 2: [131, 104]
INFO:openpifpaf.predictor:batch 203: no-file-name
INFO:__main__:frame 204, loop time = 268ms (pre = 19.3ms, post = 100.4ms), FPS = 3.7
INFO:openpifpaf.decoder.cifcaf:annotations 2: [130, 120]
INFO:openpifpaf.predictor:batch 204: no-file-name
INFO:__main__:frame 205, loop time = 267ms (pre = 22.6ms, post = 99.5ms), FPS = 3.7
INFO:openpifpaf.decoder.cifcaf:annotations 2: [126, 105]
INFO:openpifpaf.predictor:batch 205: no-file-name
INFO:__main__:frame 206, loop time = 268ms (pre = 20.3ms, post = 99.2ms), FPS = 3.7
INFO:openpifpaf.decoder.cifcaf:annotations 2: [127, 105]
INFO:openpifpaf.predictor:batch 206: no-file-name
INFO:__main__:frame 207, loop time = 267ms (pre = 20.9ms, post = 99.2ms), FPS = 3.8
INFO:openpifpaf.decoder.cifcaf:annotations 2: [103, 104]
INFO:openpifpaf.predictor:batch 207: no-file-name
INFO:__main__:frame 208, loop time = 269ms (pre = 19.6ms, post = 100.8ms), FPS = 3.7
INFO:openpifpaf.decoder.cifcaf:annotations 2: [104, 104]
INFO:openpifpaf.predictor:batch 208: no-file-name
INFO:__main__:frame 209, loop time = 269ms (pre = 20.9ms, post = 100.3ms), FPS = 3.7
INFO:openpifpaf.decoder.cifcaf:annotations 2: [105, 128]
INFO:openpifpaf.predictor:batch 209: no-file-name
INFO:__main__:frame 210, loop time = 267ms (pre = 16.0ms, post = 98.7ms), FPS = 3.7
INFO:openpifpaf.decoder.cifcaf:annotations 2: [125, 105]
INFO:openpifpaf.predictor:batch 210: no-file-name
INFO:__main__:frame 211, loop time = 270ms (pre = 24.3ms, post = 99.2ms), FPS = 3.7
INFO:openpifpaf.decoder.cifcaf:annotations 2: [123, 124]
INFO:openpifpaf.predictor:batch 211: no-file-name
INFO:__main__:frame 212, loop time = 269ms (pre = 20.5ms, post = 99.8ms), FPS = 3.7
INFO:openpifpaf.decoder.cifcaf:annotations 2: [123, 104]
INFO:openpifpaf.predictor:batch 212: no-file-name
INFO:__main__:frame 213, loop time = 269ms (pre = 19.7ms, post = 100.7ms), FPS = 3.7
INFO:openpifpaf.decoder.cifcaf:annotations 2: [128, 105]
INFO:openpifpaf.predictor:batch 213: no-file-name
INFO:__main__:frame 214, loop time = 269ms (pre = 18.9ms, post = 100.8ms), FPS = 3.7
INFO:openpifpaf.decoder.cifcaf:annotations 2: [126, 125]
INFO:openpifpaf.predictor:batch 214: no-file-name
INFO:__main__:frame 215, loop time = 268ms (pre = 22.1ms, post = 99.7ms), FPS = 3.7
INFO:openpifpaf.decoder.cifcaf:annotations 2: [128, 109]
INFO:openpifpaf.predictor:batch 215: no-file-name
INFO:__main__:frame 216, loop time = 268ms (pre = 23.3ms, post = 99.3ms), FPS = 3.7
INFO:openpifpaf.decoder.cifcaf:annotations 2: [131, 90]
INFO:openpifpaf.predictor:batch 216: no-file-name
INFO:__main__:frame 217, loop time = 268ms (pre = 19.6ms, post = 99.4ms), FPS = 3.7
INFO:openpifpaf.decoder.cifcaf:annotations 2: [128, 129]
INFO:openpifpaf.predictor:batch 217: no-file-name
INFO:__main__:frame 218, loop time = 271ms (pre = 25.3ms, post = 102.5ms), FPS = 3.7
INFO:openpifpaf.decoder.cifcaf:annotations 2: [124, 109]
INFO:openpifpaf.predictor:batch 218: no-file-name
INFO:__main__:frame 219, loop time = 270ms (pre = 19.7ms, post = 102.3ms), FPS = 3.7
INFO:openpifpaf.decoder.cifcaf:annotations 2: [124, 96]
INFO:openpifpaf.predictor:batch 219: no-file-name
INFO:__main__:frame 220, loop time = 268ms (pre = 22.3ms, post = 99.1ms), FPS = 3.7
INFO:openpifpaf.decoder.cifcaf:annotations 2: [124, 119]
INFO:openpifpaf.predictor:batch 220: no-file-name
INFO:__main__:frame 221, loop time = 286ms (pre = 17.2ms, post = 117.6ms), FPS = 3.5
INFO:openpifpaf.decoder.cifcaf:annotations 2: [123, 88]
INFO:openpifpaf.predictor:batch 221: no-file-name
INFO:__main__:frame 222, loop time = 267ms (pre = 18.9ms, post = 99.4ms), FPS = 3.8
INFO:openpifpaf.decoder.cifcaf:annotations 2: [122, 93]
INFO:openpifpaf.predictor:batch 222: no-file-name
INFO:__main__:frame 223, loop time = 268ms (pre = 18.6ms, post = 100.1ms), FPS = 3.7
INFO:openpifpaf.decoder.cifcaf:annotations 2: [124, 88]
INFO:openpifpaf.predictor:batch 223: no-file-name
INFO:__main__:frame 224, loop time = 269ms (pre = 19.5ms, post = 99.6ms), FPS = 3.7
INFO:openpifpaf.decoder.cifcaf:annotations 2: [122, 87]
INFO:openpifpaf.predictor:batch 224: no-file-name
INFO:__main__:frame 225, loop time = 267ms (pre = 20.2ms, post = 98.7ms), FPS = 3.7
INFO:openpifpaf.decoder.cifcaf:annotations 2: [123, 85]
INFO:openpifpaf.predictor:batch 225: no-file-name
INFO:__main__:frame 226, loop time = 267ms (pre = 23.0ms, post = 99.2ms), FPS = 3.7
INFO:openpifpaf.decoder.cifcaf:annotations 2: [124, 42]
INFO:openpifpaf.predictor:batch 226: no-file-name
INFO:__main__:frame 227, loop time = 304ms (pre = 19.4ms, post = 100.5ms), FPS = 3.3
INFO:openpifpaf.decoder.cifcaf:annotations 1: [124]
INFO:openpifpaf.predictor:batch 227: no-file-name
INFO:__main__:frame 228, loop time = 238ms (pre = 19.4ms, post = 88.1ms), FPS = 4.2
INFO:openpifpaf.decoder.cifcaf:annotations 2: [130, 37]
INFO:openpifpaf.predictor:batch 228: no-file-name
INFO:__main__:frame 229, loop time = 247ms (pre = 22.3ms, post = 95.3ms), FPS = 4.0
INFO:openpifpaf.decoder.cifcaf:annotations 2: [128, 41]
INFO:openpifpaf.predictor:batch 229: no-file-name
INFO:__main__:frame 230, loop time = 263ms (pre = 14.4ms, post = 111.1ms), FPS = 3.8
INFO:openpifpaf.decoder.cifcaf:annotations 2: [128, 41]
INFO:openpifpaf.predictor:batch 230: no-file-name
INFO:__main__:frame 231, loop time = 258ms (pre = 20.5ms, post = 98.1ms), FPS = 3.9
INFO:openpifpaf.decoder.cifcaf:annotations 2: [125, 53]
INFO:openpifpaf.predictor:batch 231: no-file-name
INFO:__main__:frame 232, loop time = 264ms (pre = 27.2ms, post = 99.5ms), FPS = 3.8
INFO:openpifpaf.decoder.cifcaf:annotations 2: [129, 42]
INFO:openpifpaf.predictor:batch 232: no-file-name
INFO:__main__:frame 233, loop time = 264ms (pre = 20.8ms, post = 100.1ms), FPS = 3.8
INFO:openpifpaf.decoder.cifcaf:annotations 2: [131, 43]
INFO:openpifpaf.predictor:batch 233: no-file-name
INFO:__main__:frame 234, loop time = 266ms (pre = 14.1ms, post = 100.3ms), FPS = 3.8
INFO:openpifpaf.decoder.cifcaf:annotations 2: [131, 115]
INFO:openpifpaf.predictor:batch 234: no-file-name
INFO:__main__:frame 235, loop time = 266ms (pre = 20.5ms, post = 99.7ms), FPS = 3.8
INFO:openpifpaf.decoder.cifcaf:annotations 2: [129, 107]
INFO:openpifpaf.predictor:batch 235: no-file-name
INFO:__main__:frame 236, loop time = 267ms (pre = 20.4ms, post = 100.7ms), FPS = 3.7
INFO:openpifpaf.decoder.cifcaf:annotations 2: [127, 112]
INFO:openpifpaf.predictor:batch 236: no-file-name
INFO:__main__:frame 237, loop time = 272ms (pre = 26.2ms, post = 100.4ms), FPS = 3.7
INFO:openpifpaf.decoder.cifcaf:annotations 2: [127, 108]
INFO:openpifpaf.predictor:batch 237: no-file-name
INFO:__main__:frame 238, loop time = 273ms (pre = 19.1ms, post = 103.3ms), FPS = 3.7
INFO:openpifpaf.decoder.cifcaf:annotations 2: [127, 108]
INFO:openpifpaf.predictor:batch 238: no-file-name
INFO:__main__:frame 239, loop time = 268ms (pre = 20.6ms, post = 99.9ms), FPS = 3.7
INFO:openpifpaf.decoder.cifcaf:annotations 2: [129, 126]
INFO:openpifpaf.predictor:batch 239: no-file-name
INFO:__main__:frame 240, loop time = 270ms (pre = 21.6ms, post = 101.4ms), FPS = 3.7
INFO:openpifpaf.decoder.cifcaf:annotations 2: [128, 125]
INFO:openpifpaf.predictor:batch 240: no-file-name
INFO:__main__:frame 241, loop time = 267ms (pre = 22.4ms, post = 99.2ms), FPS = 3.7
INFO:openpifpaf.decoder.cifcaf:annotations 2: [128, 126]
INFO:openpifpaf.predictor:batch 241: no-file-name
INFO:__main__:frame 242, loop time = 269ms (pre = 24.6ms, post = 101.7ms), FPS = 3.7
INFO:openpifpaf.decoder.cifcaf:annotations 2: [127, 127]
INFO:openpifpaf.predictor:batch 242: no-file-name
INFO:__main__:frame 243, loop time = 272ms (pre = 19.7ms, post = 101.7ms), FPS = 3.7
INFO:openpifpaf.decoder.cifcaf:annotations 2: [131, 129]
INFO:openpifpaf.predictor:batch 243: no-file-name
INFO:__main__:frame 244, loop time = 272ms (pre = 18.8ms, post = 100.5ms), FPS = 3.7
INFO:openpifpaf.decoder.cifcaf:annotations 2: [130, 131]
INFO:openpifpaf.predictor:batch 244: no-file-name
INFO:__main__:frame 245, loop time = 269ms (pre = 20.9ms, post = 101.1ms), FPS = 3.7
INFO:openpifpaf.decoder.cifcaf:annotations 2: [131, 107]
INFO:openpifpaf.predictor:batch 245: no-file-name
INFO:__main__:frame 246, loop time = 274ms (pre = 22.2ms, post = 107.7ms), FPS = 3.6
INFO:openpifpaf.decoder.cifcaf:annotations 2: [127, 102]
INFO:openpifpaf.predictor:batch 246: no-file-name
INFO:__main__:frame 247, loop time = 268ms (pre = 21.6ms, post = 100.2ms), FPS = 3.7
INFO:openpifpaf.decoder.cifcaf:annotations 2: [125, 102]
INFO:openpifpaf.predictor:batch 247: no-file-name
INFO:__main__:frame 248, loop time = 283ms (pre = 19.2ms, post = 115.6ms), FPS = 3.5
INFO:openpifpaf.decoder.cifcaf:annotations 2: [126, 104]
INFO:openpifpaf.predictor:batch 248: no-file-name
INFO:__main__:frame 249, loop time = 268ms (pre = 19.5ms, post = 101.0ms), FPS = 3.7
INFO:openpifpaf.decoder.cifcaf:annotations 2: [121, 105]
INFO:openpifpaf.predictor:batch 249: no-file-name
INFO:__main__:frame 250, loop time = 266ms (pre = 16.6ms, post = 98.9ms), FPS = 3.8
INFO:openpifpaf.decoder.cifcaf:annotations 2: [130, 120]
INFO:openpifpaf.predictor:batch 250: no-file-name
INFO:__main__:frame 251, loop time = 269ms (pre = 20.6ms, post = 101.0ms), FPS = 3.7
INFO:openpifpaf.decoder.cifcaf:annotations 2: [124, 101]
INFO:openpifpaf.predictor:batch 251: no-file-name
INFO:__main__:frame 252, loop time = 271ms (pre = 34.2ms, post = 100.1ms), FPS = 3.7
INFO:openpifpaf.decoder.cifcaf:annotations 2: [123, 125]
INFO:openpifpaf.predictor:batch 252: no-file-name
INFO:__main__:frame 253, loop time = 269ms (pre = 20.8ms, post = 101.4ms), FPS = 3.7
INFO:openpifpaf.decoder.cifcaf:annotations 2: [123, 106]
INFO:openpifpaf.predictor:batch 253: no-file-name
INFO:__main__:frame 254, loop time = 267ms (pre = 13.7ms, post = 100.8ms), FPS = 3.7
INFO:openpifpaf.decoder.cifcaf:annotations 2: [124, 111]
INFO:openpifpaf.predictor:batch 254: no-file-name
INFO:__main__:frame 255, loop time = 268ms (pre = 20.6ms, post = 101.0ms), FPS = 3.7
INFO:openpifpaf.decoder.cifcaf:annotations 2: [125, 109]
INFO:openpifpaf.predictor:batch 255: no-file-name
INFO:__main__:frame 256, loop time = 271ms (pre = 15.9ms, post = 102.8ms), FPS = 3.7
INFO:openpifpaf.decoder.cifcaf:annotations 2: [126, 130]
INFO:openpifpaf.predictor:batch 256: no-file-name
INFO:__main__:frame 257, loop time = 318ms (pre = 26.9ms, post = 148.7ms), FPS = 3.1
INFO:openpifpaf.decoder.cifcaf:annotations 2: [127, 106]
INFO:openpifpaf.predictor:batch 257: no-file-name
INFO:__main__:frame 258, loop time = 271ms (pre = 14.0ms, post = 103.9ms), FPS = 3.7
INFO:openpifpaf.decoder.cifcaf:annotations 2: [126, 104]
INFO:openpifpaf.predictor:batch 258: no-file-name
INFO:__main__:frame 259, loop time = 265ms (pre = 17.1ms, post = 99.0ms), FPS = 3.8
INFO:openpifpaf.decoder.cifcaf:annotations 2: [130, 107]
INFO:openpifpaf.predictor:batch 259: no-file-name
INFO:__main__:frame 260, loop time = 266ms (pre = 21.3ms, post = 99.6ms), FPS = 3.8
INFO:openpifpaf.decoder.cifcaf:annotations 2: [132, 105]
INFO:openpifpaf.predictor:batch 260: no-file-name
INFO:__main__:frame 261, loop time = 268ms (pre = 20.7ms, post = 101.3ms), FPS = 3.7
INFO:openpifpaf.decoder.cifcaf:annotations 2: [129, 126]
INFO:openpifpaf.predictor:batch 261: no-file-name
INFO:__main__:frame 262, loop time = 267ms (pre = 23.9ms, post = 100.7ms), FPS = 3.7
INFO:openpifpaf.decoder.cifcaf:annotations 2: [126, 128]
INFO:openpifpaf.predictor:batch 262: no-file-name
INFO:__main__:frame 263, loop time = 267ms (pre = 21.4ms, post = 101.0ms), FPS = 3.7
INFO:openpifpaf.decoder.cifcaf:annotations 2: [128, 128]
INFO:openpifpaf.predictor:batch 263: no-file-name
INFO:__main__:frame 264, loop time = 269ms (pre = 19.2ms, post = 101.7ms), FPS = 3.7
INFO:openpifpaf.decoder.cifcaf:annotations 2: [128, 126]
INFO:openpifpaf.predictor:batch 264: no-file-name
INFO:__main__:frame 265, loop time = 266ms (pre = 17.0ms, post = 99.7ms), FPS = 3.8
INFO:openpifpaf.decoder.cifcaf:annotations 2: [131, 129]
INFO:openpifpaf.predictor:batch 265: no-file-name
INFO:__main__:frame 266, loop time = 267ms (pre = 20.6ms, post = 100.4ms), FPS = 3.8
INFO:openpifpaf.decoder.cifcaf:annotations 2: [128, 130]
INFO:openpifpaf.predictor:batch 266: no-file-name
INFO:__main__:frame 267, loop time = 273ms (pre = 30.9ms, post = 102.0ms), FPS = 3.7
INFO:openpifpaf.decoder.cifcaf:annotations 2: [126, 127]
INFO:openpifpaf.predictor:batch 267: no-file-name
INFO:__main__:frame 268, loop time = 268ms (pre = 18.8ms, post = 101.8ms), FPS = 3.7
INFO:openpifpaf.decoder.cifcaf:annotations 2: [127, 129]
INFO:openpifpaf.predictor:batch 268: no-file-name
INFO:__main__:frame 269, loop time = 269ms (pre = 20.8ms, post = 99.9ms), FPS = 3.7
INFO:openpifpaf.decoder.cifcaf:annotations 2: [127, 124]
INFO:openpifpaf.predictor:batch 269: no-file-name
INFO:__main__:frame 270, loop time = 269ms (pre = 18.7ms, post = 101.3ms), FPS = 3.7
INFO:openpifpaf.decoder.cifcaf:annotations 2: [128, 111]
INFO:openpifpaf.predictor:batch 270: no-file-name
INFO:__main__:frame 271, loop time = 266ms (pre = 22.8ms, post = 99.5ms), FPS = 3.8
INFO:openpifpaf.decoder.cifcaf:annotations 2: [129, 107]
INFO:openpifpaf.predictor:batch 271: no-file-name
INFO:__main__:frame 272, loop time = 270ms (pre = 16.7ms, post = 102.9ms), FPS = 3.7
INFO:openpifpaf.decoder.cifcaf:annotations 2: [128, 109]
INFO:openpifpaf.predictor:batch 272: no-file-name
INFO:__main__:frame 273, loop time = 269ms (pre = 21.9ms, post = 101.0ms), FPS = 3.7
INFO:openpifpaf.decoder.cifcaf:annotations 2: [128, 109]
INFO:openpifpaf.predictor:batch 273: no-file-name
INFO:__main__:frame 274, loop time = 268ms (pre = 20.0ms, post = 100.5ms), FPS = 3.7
INFO:openpifpaf.decoder.cifcaf:annotations 2: [124, 113]
INFO:openpifpaf.predictor:batch 274: no-file-name
INFO:__main__:frame 275, loop time = 266ms (pre = 14.2ms, post = 100.5ms), FPS = 3.8
INFO:openpifpaf.decoder.cifcaf:annotations 2: [124, 108]
INFO:openpifpaf.predictor:batch 275: no-file-name
INFO:__main__:frame 276, loop time = 284ms (pre = 17.4ms, post = 116.7ms), FPS = 3.5
INFO:openpifpaf.decoder.cifcaf:annotations 2: [126, 108]
INFO:openpifpaf.predictor:batch 276: no-file-name
INFO:__main__:frame 277, loop time = 269ms (pre = 22.5ms, post = 102.5ms), FPS = 3.7
INFO:openpifpaf.decoder.cifcaf:annotations 2: [127, 107]
INFO:openpifpaf.predictor:batch 277: no-file-name
INFO:__main__:frame 278, loop time = 269ms (pre = 12.4ms, post = 103.0ms), FPS = 3.7
INFO:openpifpaf.decoder.cifcaf:annotations 2: [125, 110]
INFO:openpifpaf.predictor:batch 278: no-file-name
INFO:__main__:frame 279, loop time = 268ms (pre = 20.4ms, post = 99.4ms), FPS = 3.7
INFO:openpifpaf.decoder.cifcaf:annotations 2: [125, 109]
INFO:openpifpaf.predictor:batch 279: no-file-name
INFO:__main__:frame 280, loop time = 266ms (pre = 18.8ms, post = 99.5ms), FPS = 3.8
INFO:openpifpaf.decoder.cifcaf:annotations 2: [125, 110]
INFO:openpifpaf.predictor:batch 280: no-file-name
INFO:__main__:frame 281, loop time = 271ms (pre = 19.4ms, post = 103.9ms), FPS = 3.7
INFO:openpifpaf.decoder.cifcaf:annotations 2: [124, 108]
INFO:openpifpaf.predictor:batch 281: no-file-name
INFO:__main__:frame 282, loop time = 268ms (pre = 26.4ms, post = 101.4ms), FPS = 3.7
INFO:openpifpaf.decoder.cifcaf:annotations 2: [125, 105]
INFO:openpifpaf.predictor:batch 282: no-file-name
INFO:__main__:frame 283, loop time = 267ms (pre = 20.3ms, post = 100.9ms), FPS = 3.7
INFO:openpifpaf.decoder.cifcaf:annotations 2: [125, 107]
INFO:openpifpaf.predictor:batch 283: no-file-name
INFO:__main__:frame 284, loop time = 269ms (pre = 22.8ms, post = 102.5ms), FPS = 3.7
INFO:openpifpaf.decoder.cifcaf:annotations 2: [127, 106]
INFO:openpifpaf.predictor:batch 284: no-file-name
INFO:__main__:frame 285, loop time = 267ms (pre = 24.9ms, post = 100.8ms), FPS = 3.8
INFO:openpifpaf.decoder.cifcaf:annotations 2: [129, 121]
INFO:openpifpaf.predictor:batch 285: no-file-name
INFO:__main__:frame 286, loop time = 279ms (pre = 20.4ms, post = 100.6ms), FPS = 3.6
INFO:openpifpaf.decoder.cifcaf:annotations 2: [129, 106]
INFO:openpifpaf.predictor:batch 286: no-file-name
INFO:__main__:frame 287, loop time = 305ms (pre = 13.4ms, post = 101.7ms), FPS = 3.3
INFO:openpifpaf.decoder.cifcaf:annotations 2: [127, 105]
INFO:openpifpaf.predictor:batch 287: no-file-name
INFO:__main__:frame 288, loop time = 260ms (pre = 19.9ms, post = 105.9ms), FPS = 3.8
INFO:openpifpaf.decoder.cifcaf:annotations 2: [124, 106]
INFO:openpifpaf.predictor:batch 288: no-file-name
INFO:__main__:frame 289, loop time = 254ms (pre = 13.5ms, post = 99.6ms), FPS = 3.9
INFO:openpifpaf.decoder.cifcaf:annotations 2: [128, 106]
INFO:openpifpaf.predictor:batch 289: no-file-name
INFO:__main__:frame 290, loop time = 256ms (pre = 16.9ms, post = 100.3ms), FPS = 3.9
INFO:openpifpaf.decoder.cifcaf:annotations 2: [128, 107]
INFO:openpifpaf.predictor:batch 290: no-file-name
INFO:__main__:frame 291, loop time = 260ms (pre = 21.4ms, post = 105.0ms), FPS = 3.8
INFO:openpifpaf.decoder.cifcaf:annotations 2: [129, 111]
INFO:openpifpaf.predictor:batch 291: no-file-name
INFO:__main__:frame 292, loop time = 272ms (pre = 25.6ms, post = 105.3ms), FPS = 3.7
INFO:openpifpaf.decoder.cifcaf:annotations 2: [126, 107]
INFO:openpifpaf.predictor:batch 292: no-file-name
INFO:__main__:frame 293, loop time = 267ms (pre = 16.0ms, post = 100.7ms), FPS = 3.7
INFO:openpifpaf.decoder.cifcaf:annotations 2: [108, 103]
INFO:openpifpaf.predictor:batch 293: no-file-name
INFO:__main__:frame 294, loop time = 267ms (pre = 21.7ms, post = 100.7ms), FPS = 3.7
INFO:openpifpaf.decoder.cifcaf:annotations 2: [111, 106]
INFO:openpifpaf.predictor:batch 294: no-file-name
INFO:__main__:frame 295, loop time = 266ms (pre = 20.1ms, post = 99.2ms), FPS = 3.8
INFO:openpifpaf.decoder.cifcaf:annotations 2: [128, 107]
INFO:openpifpaf.predictor:batch 295: no-file-name
INFO:__main__:frame 296, loop time = 268ms (pre = 19.6ms, post = 99.8ms), FPS = 3.7
INFO:openpifpaf.decoder.cifcaf:annotations 2: [129, 106]
INFO:openpifpaf.predictor:batch 296: no-file-name
INFO:__main__:frame 297, loop time = 268ms (pre = 22.4ms, post = 100.6ms), FPS = 3.7
INFO:openpifpaf.decoder.cifcaf:annotations 2: [132, 107]
INFO:openpifpaf.predictor:batch 297: no-file-name
INFO:__main__:frame 298, loop time = 270ms (pre = 20.6ms, post = 101.1ms), FPS = 3.7
INFO:openpifpaf.decoder.cifcaf:annotations 2: [125, 106]
INFO:openpifpaf.predictor:batch 298: no-file-name
INFO:__main__:frame 299, loop time = 271ms (pre = 16.0ms, post = 101.2ms), FPS = 3.7
INFO:openpifpaf.decoder.cifcaf:annotations 2: [125, 107]
INFO:openpifpaf.predictor:batch 299: no-file-name
INFO:__main__:frame 300, loop time = 268ms (pre = 27.6ms, post = 100.5ms), FPS = 3.7
INFO:openpifpaf.decoder.cifcaf:annotations 2: [126, 106]
INFO:openpifpaf.predictor:batch 300: no-file-name
INFO:__main__:frame 301, loop time = 269ms (pre = 20.9ms, post = 100.2ms), FPS = 3.7
INFO:openpifpaf.decoder.cifcaf:annotations 2: [124, 106]
INFO:openpifpaf.predictor:batch 301: no-file-name
INFO:__main__:frame 302, loop time = 269ms (pre = 16.1ms, post = 101.0ms), FPS = 3.7
INFO:openpifpaf.decoder.cifcaf:annotations 2: [124, 104]
INFO:openpifpaf.predictor:batch 302: no-file-name
INFO:__main__:frame 303, loop time = 277ms (pre = 14.7ms, post = 109.8ms), FPS = 3.6
INFO:openpifpaf.decoder.cifcaf:annotations 2: [105, 101]
INFO:openpifpaf.predictor:batch 303: no-file-name
INFO:__main__:frame 304, loop time = 270ms (pre = 15.5ms, post = 101.6ms), FPS = 3.7
INFO:openpifpaf.decoder.cifcaf:annotations 2: [105, 102]
INFO:openpifpaf.predictor:batch 304: no-file-name
INFO:__main__:frame 305, loop time = 267ms (pre = 10.4ms, post = 100.1ms), FPS = 3.7
INFO:openpifpaf.decoder.cifcaf:annotations 2: [124, 106]
INFO:openpifpaf.predictor:batch 305: no-file-name
INFO:__main__:frame 306, loop time = 270ms (pre = 20.8ms, post = 101.5ms), FPS = 3.7
INFO:openpifpaf.decoder.cifcaf:annotations 2: [125, 109]
INFO:openpifpaf.predictor:batch 306: no-file-name
INFO:__main__:frame 307, loop time = 269ms (pre = 19.1ms, post = 100.7ms), FPS = 3.7
INFO:openpifpaf.decoder.cifcaf:annotations 2: [125, 104]
INFO:openpifpaf.predictor:batch 307: no-file-name
INFO:__main__:frame 308, loop time = 269ms (pre = 18.9ms, post = 101.5ms), FPS = 3.7
INFO:openpifpaf.decoder.cifcaf:annotations 2: [125, 105]
INFO:openpifpaf.predictor:batch 308: no-file-name
INFO:__main__:frame 309, loop time = 268ms (pre = 20.4ms, post = 100.5ms), FPS = 3.7
INFO:openpifpaf.decoder.cifcaf:annotations 2: [125, 104]
INFO:openpifpaf.predictor:batch 309: no-file-name
INFO:__main__:frame 310, loop time = 267ms (pre = 21.2ms, post = 100.6ms), FPS = 3.7
INFO:openpifpaf.decoder.cifcaf:annotations 2: [129, 103]
INFO:openpifpaf.predictor:batch 310: no-file-name
INFO:__main__:frame 311, loop time = 267ms (pre = 19.8ms, post = 99.3ms), FPS = 3.7
INFO:openpifpaf.decoder.cifcaf:annotations 2: [130, 103]
INFO:openpifpaf.predictor:batch 311: no-file-name
INFO:__main__:frame 312, loop time = 272ms (pre = 19.1ms, post = 102.5ms), FPS = 3.7
INFO:openpifpaf.decoder.cifcaf:annotations 2: [126, 102]
INFO:openpifpaf.predictor:batch 312: no-file-name
INFO:__main__:frame 313, loop time = 268ms (pre = 19.9ms, post = 100.6ms), FPS = 3.7
INFO:openpifpaf.decoder.cifcaf:annotations 2: [125, 104]
INFO:openpifpaf.predictor:batch 313: no-file-name
INFO:__main__:frame 314, loop time = 269ms (pre = 14.0ms, post = 99.9ms), FPS = 3.7
INFO:openpifpaf.decoder.cifcaf:annotations 2: [127, 105]
INFO:openpifpaf.predictor:batch 314: no-file-name
INFO:__main__:frame 315, loop time = 269ms (pre = 23.5ms, post = 101.5ms), FPS = 3.7
INFO:openpifpaf.decoder.cifcaf:annotations 2: [110, 105]
INFO:openpifpaf.predictor:batch 315: no-file-name
INFO:__main__:frame 316, loop time = 269ms (pre = 20.4ms, post = 100.1ms), FPS = 3.7
INFO:openpifpaf.decoder.cifcaf:annotations 2: [126, 107]
INFO:openpifpaf.predictor:batch 316: no-file-name
INFO:__main__:frame 317, loop time = 304ms (pre = 13.9ms, post = 101.6ms), FPS = 3.3
INFO:openpifpaf.decoder.cifcaf:annotations 2: [105, 103]
INFO:openpifpaf.predictor:batch 317: no-file-name
INFO:__main__:frame 318, loop time = 254ms (pre = 20.4ms, post = 100.6ms), FPS = 3.9
INFO:openpifpaf.decoder.cifcaf:annotations 2: [108, 103]
INFO:openpifpaf.predictor:batch 318: no-file-name
INFO:__main__:frame 319, loop time = 253ms (pre = 21.4ms, post = 98.4ms), FPS = 4.0
INFO:openpifpaf.decoder.cifcaf:annotations 2: [103, 104]
INFO:openpifpaf.predictor:batch 319: no-file-name
INFO:__main__:frame 320, loop time = 255ms (pre = 19.9ms, post = 99.6ms), FPS = 3.9
INFO:openpifpaf.decoder.cifcaf:annotations 2: [106, 106]
INFO:openpifpaf.predictor:batch 320: no-file-name
INFO:__main__:frame 321, loop time = 255ms (pre = 19.8ms, post = 99.5ms), FPS = 3.9
INFO:openpifpaf.decoder.cifcaf:annotations 2: [105, 105]
INFO:openpifpaf.predictor:batch 321: no-file-name
INFO:__main__:frame 322, loop time = 269ms (pre = 13.7ms, post = 100.9ms), FPS = 3.7
INFO:openpifpaf.decoder.cifcaf:annotations 2: [128, 106]
INFO:openpifpaf.predictor:batch 322: no-file-name
INFO:__main__:frame 323, loop time = 271ms (pre = 19.1ms, post = 102.3ms), FPS = 3.7
INFO:openpifpaf.decoder.cifcaf:annotations 2: [124, 106]
INFO:openpifpaf.predictor:batch 323: no-file-name
INFO:__main__:frame 324, loop time = 269ms (pre = 18.7ms, post = 99.6ms), FPS = 3.7
INFO:openpifpaf.decoder.cifcaf:annotations 2: [106, 103]
INFO:openpifpaf.predictor:batch 324: no-file-name
INFO:__main__:frame 325, loop time = 266ms (pre = 16.2ms, post = 99.7ms), FPS = 3.8
INFO:openpifpaf.decoder.cifcaf:annotations 2: [125, 104]
INFO:openpifpaf.predictor:batch 325: no-file-name
INFO:__main__:frame 326, loop time = 278ms (pre = 20.4ms, post = 99.4ms), FPS = 3.6
INFO:openpifpaf.decoder.cifcaf:annotations 2: [120, 105]
INFO:openpifpaf.predictor:batch 326: no-file-name
INFO:__main__:frame 327, loop time = 271ms (pre = 20.2ms, post = 103.5ms), FPS = 3.7
INFO:openpifpaf.decoder.cifcaf:annotations 2: [123, 105]
INFO:openpifpaf.predictor:batch 327: no-file-name
INFO:__main__:frame 328, loop time = 268ms (pre = 20.3ms, post = 100.7ms), FPS = 3.7
INFO:openpifpaf.decoder.cifcaf:annotations 2: [123, 104]
INFO:openpifpaf.predictor:batch 328: no-file-name
INFO:__main__:frame 329, loop time = 287ms (pre = 16.2ms, post = 117.0ms), FPS = 3.5
INFO:openpifpaf.decoder.cifcaf:annotations 2: [123, 105]
INFO:openpifpaf.predictor:batch 329: no-file-name
INFO:__main__:frame 330, loop time = 276ms (pre = 19.2ms, post = 107.8ms), FPS = 3.6
INFO:openpifpaf.decoder.cifcaf:annotations 2: [123, 108]
INFO:openpifpaf.predictor:batch 330: no-file-name
INFO:__main__:frame 331, loop time = 268ms (pre = 19.6ms, post = 100.7ms), FPS = 3.7
INFO:openpifpaf.decoder.cifcaf:annotations 2: [124, 106]
INFO:openpifpaf.predictor:batch 331: no-file-name
INFO:__main__:frame 332, loop time = 270ms (pre = 22.2ms, post = 101.8ms), FPS = 3.7
INFO:openpifpaf.decoder.cifcaf:annotations 2: [125, 104]
INFO:openpifpaf.predictor:batch 332: no-file-name
INFO:__main__:frame 333, loop time = 268ms (pre = 19.5ms, post = 101.1ms), FPS = 3.7
INFO:openpifpaf.decoder.cifcaf:annotations 2: [125, 102]
INFO:openpifpaf.predictor:batch 333: no-file-name
INFO:__main__:frame 334, loop time = 268ms (pre = 12.8ms, post = 100.4ms), FPS = 3.7
INFO:openpifpaf.decoder.cifcaf:annotations 2: [105, 105]
INFO:openpifpaf.predictor:batch 334: no-file-name
INFO:__main__:frame 335, loop time = 265ms (pre = 14.9ms, post = 99.0ms), FPS = 3.8
INFO:openpifpaf.decoder.cifcaf:annotations 2: [125, 103]
INFO:openpifpaf.predictor:batch 335: no-file-name
INFO:__main__:frame 336, loop time = 268ms (pre = 23.7ms, post = 100.4ms), FPS = 3.7
INFO:openpifpaf.decoder.cifcaf:annotations 2: [127, 103]
INFO:openpifpaf.predictor:batch 336: no-file-name
INFO:__main__:frame 337, loop time = 270ms (pre = 15.7ms, post = 100.9ms), FPS = 3.7
INFO:openpifpaf.decoder.cifcaf:annotations 2: [126, 103]
INFO:openpifpaf.predictor:batch 337: no-file-name
INFO:__main__:frame 338, loop time = 268ms (pre = 21.3ms, post = 100.6ms), FPS = 3.7
INFO:openpifpaf.decoder.cifcaf:annotations 2: [126, 105]
INFO:openpifpaf.predictor:batch 338: no-file-name
INFO:__main__:frame 339, loop time = 268ms (pre = 17.7ms, post = 100.6ms), FPS = 3.7
INFO:openpifpaf.decoder.cifcaf:annotations 2: [126, 104]
INFO:openpifpaf.predictor:batch 339: no-file-name
INFO:__main__:frame 340, loop time = 268ms (pre = 20.5ms, post = 99.9ms), FPS = 3.7
INFO:openpifpaf.decoder.cifcaf:annotations 2: [125, 103]
INFO:openpifpaf.predictor:batch 340: no-file-name
INFO:__main__:frame 341, loop time = 273ms (pre = 22.9ms, post = 100.9ms), FPS = 3.7
INFO:openpifpaf.decoder.cifcaf:annotations 2: [125, 101]
INFO:openpifpaf.predictor:batch 341: no-file-name
INFO:__main__:frame 342, loop time = 269ms (pre = 19.9ms, post = 101.4ms), FPS = 3.7
INFO:openpifpaf.decoder.cifcaf:annotations 2: [125, 102]
INFO:openpifpaf.predictor:batch 342: no-file-name
INFO:__main__:frame 343, loop time = 268ms (pre = 20.9ms, post = 100.7ms), FPS = 3.7
INFO:openpifpaf.decoder.cifcaf:annotations 2: [125, 103]
INFO:openpifpaf.predictor:batch 343: no-file-name
INFO:__main__:frame 344, loop time = 289ms (pre = 20.8ms, post = 121.1ms), FPS = 3.5
INFO:openpifpaf.decoder.cifcaf:annotations 2: [125, 103]
INFO:openpifpaf.predictor:batch 344: no-file-name
INFO:__main__:frame 345, loop time = 268ms (pre = 16.5ms, post = 101.7ms), FPS = 3.7
INFO:openpifpaf.decoder.cifcaf:annotations 2: [124, 107]
INFO:openpifpaf.predictor:batch 345: no-file-name
INFO:__main__:frame 346, loop time = 271ms (pre = 12.4ms, post = 100.7ms), FPS = 3.7
INFO:openpifpaf.decoder.cifcaf:annotations 2: [124, 104]
INFO:openpifpaf.predictor:batch 346: no-file-name
INFO:__main__:frame 347, loop time = 314ms (pre = 23.4ms, post = 145.4ms), FPS = 3.2
INFO:openpifpaf.decoder.cifcaf:annotations 2: [127, 105]
INFO:openpifpaf.predictor:batch 347: no-file-name
INFO:__main__:frame 348, loop time = 270ms (pre = 20.3ms, post = 100.1ms), FPS = 3.7
INFO:openpifpaf.decoder.cifcaf:annotations 2: [128, 104]
INFO:openpifpaf.predictor:batch 348: no-file-name
INFO:__main__:frame 349, loop time = 269ms (pre = 9.9ms, post = 100.3ms), FPS = 3.7
INFO:openpifpaf.decoder.cifcaf:annotations 2: [125, 105]
INFO:openpifpaf.predictor:batch 349: no-file-name
INFO:__main__:frame 350, loop time = 267ms (pre = 24.1ms, post = 100.5ms), FPS = 3.7
INFO:openpifpaf.decoder.cifcaf:annotations 2: [125, 105]
INFO:openpifpaf.predictor:batch 350: no-file-name
INFO:__main__:frame 351, loop time = 269ms (pre = 23.7ms, post = 101.0ms), FPS = 3.7
INFO:openpifpaf.decoder.cifcaf:annotations 2: [124, 105]
INFO:openpifpaf.predictor:batch 351: no-file-name
INFO:__main__:frame 352, loop time = 267ms (pre = 20.1ms, post = 100.5ms), FPS = 3.8
INFO:openpifpaf.decoder.cifcaf:annotations 2: [124, 106]
INFO:openpifpaf.predictor:batch 352: no-file-name
INFO:__main__:frame 353, loop time = 266ms (pre = 20.2ms, post = 99.3ms), FPS = 3.8
INFO:openpifpaf.decoder.cifcaf:annotations 2: [124, 105]
INFO:openpifpaf.predictor:batch 353: no-file-name
INFO:__main__:frame 354, loop time = 268ms (pre = 20.0ms, post = 100.3ms), FPS = 3.7
INFO:openpifpaf.decoder.cifcaf:annotations 2: [124, 105]
INFO:openpifpaf.predictor:batch 354: no-file-name
INFO:__main__:frame 355, loop time = 267ms (pre = 22.2ms, post = 100.3ms), FPS = 3.7
INFO:openpifpaf.decoder.cifcaf:annotations 2: [106, 122]
INFO:openpifpaf.predictor:batch 355: no-file-name
INFO:__main__:frame 356, loop time = 267ms (pre = 21.7ms, post = 100.4ms), FPS = 3.7
INFO:openpifpaf.decoder.cifcaf:annotations 2: [105, 81]
INFO:openpifpaf.predictor:batch 356: no-file-name
INFO:__main__:frame 357, loop time = 268ms (pre = 23.8ms, post = 100.8ms), FPS = 3.7
INFO:openpifpaf.decoder.cifcaf:annotations 2: [106, 81]
INFO:openpifpaf.predictor:batch 357: no-file-name
INFO:__main__:frame 358, loop time = 266ms (pre = 22.1ms, post = 100.3ms), FPS = 3.8
INFO:openpifpaf.decoder.cifcaf:annotations 2: [107, 81]
INFO:openpifpaf.predictor:batch 358: no-file-name
INFO:__main__:frame 359, loop time = 266ms (pre = 19.3ms, post = 100.5ms), FPS = 3.8
INFO:openpifpaf.decoder.cifcaf:annotations 2: [107, 80]
INFO:openpifpaf.predictor:batch 359: no-file-name
INFO:__main__:frame 360, loop time = 265ms (pre = 9.7ms, post = 99.2ms), FPS = 3.8
INFO:openpifpaf.decoder.cifcaf:annotations 2: [106, 81]
INFO:openpifpaf.predictor:batch 360: no-file-name
INFO:__main__:frame 361, loop time = 266ms (pre = 19.8ms, post = 99.6ms), FPS = 3.8
INFO:openpifpaf.decoder.cifcaf:annotations 2: [105, 102]
INFO:openpifpaf.predictor:batch 361: no-file-name
INFO:__main__:frame 362, loop time = 267ms (pre = 28.0ms, post = 100.5ms), FPS = 3.7
INFO:openpifpaf.decoder.cifcaf:annotations 2: [106, 82]
INFO:openpifpaf.predictor:batch 362: no-file-name
INFO:__main__:frame 363, loop time = 268ms (pre = 21.4ms, post = 102.4ms), FPS = 3.7
INFO:openpifpaf.decoder.cifcaf:annotations 2: [106, 81]
INFO:openpifpaf.predictor:batch 363: no-file-name
INFO:__main__:frame 364, loop time = 266ms (pre = 18.2ms, post = 99.8ms), FPS = 3.8
INFO:openpifpaf.decoder.cifcaf:annotations 2: [108, 83]
INFO:openpifpaf.predictor:batch 364: no-file-name
INFO:__main__:frame 365, loop time = 284ms (pre = 21.3ms, post = 104.4ms), FPS = 3.5
INFO:openpifpaf.decoder.cifcaf:annotations 2: [108, 105]
INFO:openpifpaf.predictor:batch 365: no-file-name
INFO:__main__:frame 366, loop time = 267ms (pre = 16.3ms, post = 100.0ms), FPS = 3.7
INFO:openpifpaf.decoder.cifcaf:annotations 2: [109, 102]
INFO:openpifpaf.predictor:batch 366: no-file-name
INFO:__main__:frame 367, loop time = 270ms (pre = 19.1ms, post = 101.5ms), FPS = 3.7
INFO:openpifpaf.decoder.cifcaf:annotations 2: [108, 95]
INFO:openpifpaf.predictor:batch 367: no-file-name
INFO:__main__:frame 368, loop time = 280ms (pre = 20.3ms, post = 100.3ms), FPS = 3.6
INFO:openpifpaf.decoder.cifcaf:annotations 2: [107, 98]
INFO:openpifpaf.predictor:batch 368: no-file-name
INFO:__main__:frame 369, loop time = 268ms (pre = 15.1ms, post = 99.9ms), FPS = 3.7
INFO:openpifpaf.decoder.cifcaf:annotations 2: [108, 98]
INFO:openpifpaf.predictor:batch 369: no-file-name
INFO:__main__:frame 370, loop time = 270ms (pre = 21.7ms, post = 102.3ms), FPS = 3.7
INFO:openpifpaf.decoder.cifcaf:annotations 2: [108, 99]
INFO:openpifpaf.predictor:batch 370: no-file-name
INFO:__main__:frame 371, loop time = 267ms (pre = 17.7ms, post = 100.3ms), FPS = 3.7
INFO:openpifpaf.decoder.cifcaf:annotations 2: [104, 100]
INFO:openpifpaf.predictor:batch 371: no-file-name
INFO:__main__:frame 372, loop time = 267ms (pre = 17.2ms, post = 101.2ms), FPS = 3.7
INFO:openpifpaf.decoder.cifcaf:annotations 2: [108, 98]
INFO:openpifpaf.predictor:batch 372: no-file-name
INFO:__main__:frame 373, loop time = 274ms (pre = 12.9ms, post = 107.5ms), FPS = 3.7
INFO:openpifpaf.decoder.cifcaf:annotations 2: [105, 96]
INFO:openpifpaf.predictor:batch 373: no-file-name
INFO:__main__:frame 374, loop time = 265ms (pre = 18.5ms, post = 99.5ms), FPS = 3.8
INFO:openpifpaf.decoder.cifcaf:annotations 2: [104, 93]
INFO:openpifpaf.predictor:batch 374: no-file-name
INFO:__main__:frame 375, loop time = 268ms (pre = 14.7ms, post = 101.7ms), FPS = 3.7
INFO:openpifpaf.decoder.cifcaf:annotations 2: [104, 63]
INFO:openpifpaf.predictor:batch 375: no-file-name
INFO:__main__:frame 376, loop time = 283ms (pre = 22.4ms, post = 116.4ms), FPS = 3.5
INFO:openpifpaf.decoder.cifcaf:annotations 2: [104, 87]
INFO:openpifpaf.predictor:batch 376: no-file-name
INFO:__main__:frame 377, loop time = 268ms (pre = 21.9ms, post = 103.7ms), FPS = 3.7
INFO:openpifpaf.decoder.cifcaf:annotations 2: [103, 60]
INFO:openpifpaf.predictor:batch 377: no-file-name
INFO:__main__:frame 378, loop time = 311ms (pre = 19.7ms, post = 145.2ms), FPS = 3.2
INFO:openpifpaf.decoder.cifcaf:annotations 2: [105, 102]
INFO:openpifpaf.predictor:batch 378: no-file-name
INFO:__main__:frame 379, loop time = 267ms (pre = 22.6ms, post = 99.5ms), FPS = 3.7
INFO:openpifpaf.decoder.cifcaf:annotations 2: [105, 100]
INFO:openpifpaf.predictor:batch 379: no-file-name
INFO:__main__:frame 380, loop time = 266ms (pre = 21.0ms, post = 100.0ms), FPS = 3.8
INFO:openpifpaf.decoder.cifcaf:annotations 2: [106, 102]
INFO:openpifpaf.predictor:batch 380: no-file-name
INFO:__main__:frame 381, loop time = 267ms (pre = 19.4ms, post = 101.4ms), FPS = 3.7
INFO:openpifpaf.decoder.cifcaf:annotations 2: [107, 102]
INFO:openpifpaf.predictor:batch 381: no-file-name
INFO:__main__:frame 382, loop time = 266ms (pre = 25.6ms, post = 100.8ms), FPS = 3.8
INFO:openpifpaf.stream:no more images captured
INFO:openpifpaf.decoder.cifcaf:annotations 2: [107, 92]
INFO:openpifpaf.predictor:batch 382: no-file-name
INFO:__main__:frame 383, loop time = 265ms (pre = 20.3ms, post = 100.7ms), FPS = 3.8
INFO:openpifpaf.decoder.cifcaf:annotations 2: [107, 93]
INFO:openpifpaf.predictor:batch 383: no-file-name
INFO:__main__:frame 384, loop time = 264ms (pre = 14.3ms, post = 100.4ms), FPS = 3.8
python3 -m openpifpaf.video --source=UploadServer/TestTracking3.mp4 --checkpoint=shufflenetv2k16-wholebody --line-width 1 --json-output JsonOutput/jsonvideo.json --video-output VideoOutput/videooutput.mp4 --show-box
Frame:  1
Frame:  2
Frame:  3
Frame:  4
Frame:  5
Frame:  6
Frame:  7
Frame:  8
Frame:  9
Frame:  10
Frame:  11
Frame:  12
Frame:  13
Frame:  14
Frame:  15
Frame:  16
Frame:  17
Frame:  18
Frame:  19
Frame:  20
Frame:  21
Frame:  22
Frame:  23
Frame:  24
Frame:  25
Frame:  26
Frame:  27
Frame:  28
Frame:  29
Frame:  30
Frame:  31
Frame:  32
Frame:  33
Frame:  34
Frame:  35
Frame:  36
Frame:  37
Frame:  38
Frame:  39
Frame:  40
Frame:  41
Frame:  42
Frame:  43
Frame:  44
Frame:  45
Frame:  46
Frame:  47
Frame:  48
Frame:  49
Frame:  50
Frame:  51
Frame:  52
Frame:  53
Frame:  54
Frame:  55
Frame:  56
Frame:  57
Frame:  58
Frame:  59
Frame:  60
Frame:  61
Frame:  62
Frame:  63
Frame:  64
Frame:  65
Frame:  66
Frame:  67
Frame:  68
Frame:  69
Frame:  70
Frame:  71
Frame:  72
Frame:  73
Frame:  74
Frame:  75
Frame:  76
Frame:  77
Frame:  78
Frame:  79
Frame:  80
Frame:  81
Frame:  82
Frame:  83
Frame:  84
Frame:  85
Frame:  86
Frame:  87
Frame:  88
Frame:  89
Frame:  90
Frame:  91
Frame:  92
Frame:  93
Frame:  94
Frame:  95
Frame:  96
Frame:  97
Frame:  98
Frame:  99
Frame:  100
Frame:  101
Frame:  102
Frame:  103
Frame:  104
Frame:  105
Frame:  106
Frame:  107
Frame:  108
Frame:  109
Frame:  110
Frame:  111
Frame:  112
Frame:  113
Frame:  114
Frame:  115
Frame:  116
Frame:  117
Frame:  118
Frame:  119
Frame:  120
Frame:  121
Frame:  122
Frame:  123
Frame:  124
Frame:  125
Frame:  126
Frame:  127
Frame:  128
Frame:  129
Frame:  130
Frame:  131
Frame:  132
Frame:  133
Frame:  134
Frame:  135
Frame:  136
Frame:  137
Frame:  138
Frame:  139
Frame:  140
Frame:  141
Frame:  142
Frame:  143
Frame:  144
Frame:  145
Frame:  146
Frame:  147
Frame:  148
Traceback (most recent call last):
  File "/opt/conda/lib/python3.8/site-packages/PIL/ImageFile.py", line 504, in _save
    fh = fp.fileno()
AttributeError: '_idat' object has no attribute 'fileno'

During handling of the above exception, another exception occurred:

Traceback (most recent call last):
  File "Tracking.py", line 103, in <module>
    fig.savefig("histogram.png")
  File "/opt/conda/lib/python3.8/site-packages/matplotlib/figure.py", line 3005, in savefig
    self.canvas.print_figure(fname, **kwargs)
  File "/opt/conda/lib/python3.8/site-packages/matplotlib/backend_bases.py", line 2255, in print_figure
    result = print_method(
  File "/opt/conda/lib/python3.8/site-packages/matplotlib/backend_bases.py", line 1669, in wrapper
    return func(*args, **kwargs)
  File "/opt/conda/lib/python3.8/site-packages/matplotlib/backends/backend_agg.py", line 509, in print_png
    mpl.image.imsave(
  File "/opt/conda/lib/python3.8/site-packages/matplotlib/image.py", line 1616, in imsave
    image.save(fname, **pil_kwargs)
  File "/opt/conda/lib/python3.8/site-packages/PIL/Image.py", line 2240, in save
    save_handler(self, fp, filename)
  File "/opt/conda/lib/python3.8/site-packages/PIL/PngImagePlugin.py", line 1348, in _save
    ImageFile._save(im, _idat(fp, chunk), [("zip", (0, 0) + im.size, 0, rawmode)])
  File "/opt/conda/lib/python3.8/site-packages/PIL/ImageFile.py", line 518, in _save
    l, s, d = e.encode(bufsize)
KeyboardInterrupt
